<?xml version="1.0" encoding="UTF-8"?>
<coverage generated="1736195309">
  <project timestamp="1736195309">
    <file name="/home/runner/work/budget-bot/budget-bot/src/Command/SetWebhookCommand.php">
      <class name="App\Command\SetWebhookCommand" namespace="global">
        <metrics complexity="5" methods="3" coveredmethods="0" conditionals="0" coveredconditionals="0" statements="26" coveredstatements="0" elements="29" coveredelements="0"/>
      </class>
      <line num="24" type="method" name="__construct" visibility="public" complexity="1" crap="2" count="0"/>
      <line num="29" type="stmt" count="0"/>
      <line num="30" type="stmt" count="0"/>
      <line num="31" type="stmt" count="0"/>
      <line num="32" type="stmt" count="0"/>
      <line num="35" type="method" name="configure" visibility="protected" complexity="1" crap="2" count="0"/>
      <line num="37" type="stmt" count="0"/>
      <line num="40" type="method" name="execute" visibility="protected" complexity="3" crap="12" count="0"/>
      <line num="43" type="stmt" count="0"/>
      <line num="44" type="stmt" count="0"/>
      <line num="46" type="stmt" count="0"/>
      <line num="47" type="stmt" count="0"/>
      <line num="48" type="stmt" count="0"/>
      <line num="49" type="stmt" count="0"/>
      <line num="50" type="stmt" count="0"/>
      <line num="52" type="stmt" count="0"/>
      <line num="55" type="stmt" count="0"/>
      <line num="56" type="stmt" count="0"/>
      <line num="57" type="stmt" count="0"/>
      <line num="58" type="stmt" count="0"/>
      <line num="59" type="stmt" count="0"/>
      <line num="61" type="stmt" count="0"/>
      <line num="62" type="stmt" count="0"/>
      <line num="63" type="stmt" count="0"/>
      <line num="64" type="stmt" count="0"/>
      <line num="65" type="stmt" count="0"/>
      <line num="66" type="stmt" count="0"/>
      <line num="67" type="stmt" count="0"/>
      <line num="69" type="stmt" count="0"/>
      <metrics loc="73" ncloc="73" classes="1" methods="3" coveredmethods="0" conditionals="0" coveredconditionals="0" statements="26" coveredstatements="0" elements="29" coveredelements="0"/>
    </file>
    <file name="/home/runner/work/budget-bot/budget-bot/src/Controller/WebhookController.php">
      <class name="App\Controller\WebhookController" namespace="global">
        <metrics complexity="2" methods="2" coveredmethods="2" conditionals="0" coveredconditionals="0" statements="4" coveredstatements="4" elements="6" coveredelements="6"/>
      </class>
      <line num="14" type="method" name="__construct" visibility="public" complexity="1" crap="1" count="1"/>
      <line num="17" type="stmt" count="1"/>
      <line num="19" type="method" name="webhook" visibility="public" complexity="1" crap="1" count="1"/>
      <line num="22" type="stmt" count="1"/>
      <line num="23" type="stmt" count="1"/>
      <line num="25" type="stmt" count="1"/>
      <metrics loc="28" ncloc="28" classes="1" methods="2" coveredmethods="2" conditionals="0" coveredconditionals="0" statements="4" coveredstatements="4" elements="6" coveredelements="6"/>
    </file>
    <file name="/home/runner/work/budget-bot/budget-bot/src/Entity/Category.php">
      <class name="App\Entity\Category" namespace="global">
        <metrics complexity="14" methods="11" coveredmethods="0" conditionals="0" coveredconditionals="0" statements="20" coveredstatements="0" elements="31" coveredelements="0"/>
      </class>
      <line num="32" type="method" name="__construct" visibility="public" complexity="1" crap="2" count="0"/>
      <line num="34" type="stmt" count="0"/>
      <line num="37" type="method" name="getId" visibility="public" complexity="1" crap="2" count="0"/>
      <line num="39" type="stmt" count="0"/>
      <line num="42" type="method" name="getName" visibility="public" complexity="1" crap="2" count="0"/>
      <line num="44" type="stmt" count="0"/>
      <line num="47" type="method" name="setName" visibility="public" complexity="1" crap="2" count="0"/>
      <line num="49" type="stmt" count="0"/>
      <line num="51" type="stmt" count="0"/>
      <line num="54" type="method" name="getType" visibility="public" complexity="1" crap="2" count="0"/>
      <line num="56" type="stmt" count="0"/>
      <line num="59" type="method" name="setType" visibility="public" complexity="1" crap="2" count="0"/>
      <line num="61" type="stmt" count="0"/>
      <line num="63" type="stmt" count="0"/>
      <line num="66" type="method" name="isDefault" visibility="public" complexity="1" crap="2" count="0"/>
      <line num="68" type="stmt" count="0"/>
      <line num="71" type="method" name="setIsDefault" visibility="public" complexity="1" crap="2" count="0"/>
      <line num="73" type="stmt" count="0"/>
      <line num="75" type="stmt" count="0"/>
      <line num="79" type="method" name="getKeywords" visibility="public" complexity="1" crap="2" count="0"/>
      <line num="81" type="stmt" count="0"/>
      <line num="84" type="method" name="addKeyword" visibility="public" complexity="2" crap="6" count="0"/>
      <line num="86" type="stmt" count="0"/>
      <line num="87" type="stmt" count="0"/>
      <line num="88" type="stmt" count="0"/>
      <line num="91" type="stmt" count="0"/>
      <line num="94" type="method" name="removeKeyword" visibility="public" complexity="3" crap="12" count="0"/>
      <line num="96" type="stmt" count="0"/>
      <line num="97" type="stmt" count="0"/>
      <line num="98" type="stmt" count="0"/>
      <line num="102" type="stmt" count="0"/>
      <metrics loc="105" ncloc="103" classes="1" methods="11" coveredmethods="0" conditionals="0" coveredconditionals="0" statements="20" coveredstatements="0" elements="31" coveredelements="0"/>
    </file>
    <file name="/home/runner/work/budget-bot/budget-bot/src/Entity/CategoryKeyword.php">
      <class name="App\Entity\CategoryKeyword" namespace="global">
        <metrics complexity="7" methods="7" coveredmethods="3" conditionals="0" coveredconditionals="0" statements="10" coveredstatements="5" elements="17" coveredelements="8"/>
      </class>
      <line num="25" type="method" name="getId" visibility="public" complexity="1" crap="2" count="0"/>
      <line num="27" type="stmt" count="0"/>
      <line num="30" type="method" name="getCategory" visibility="public" complexity="1" crap="2" count="0"/>
      <line num="32" type="stmt" count="0"/>
      <line num="35" type="method" name="setCategory" visibility="public" complexity="1" crap="2" count="0"/>
      <line num="37" type="stmt" count="0"/>
      <line num="39" type="stmt" count="0"/>
      <line num="42" type="method" name="getUserCategory" visibility="public" complexity="1" crap="2" count="0"/>
      <line num="44" type="stmt" count="0"/>
      <line num="47" type="method" name="setUserCategory" visibility="public" complexity="1" crap="1" count="4"/>
      <line num="49" type="stmt" count="4"/>
      <line num="51" type="stmt" count="4"/>
      <line num="54" type="method" name="getKeyword" visibility="public" complexity="1" crap="1" count="4"/>
      <line num="56" type="stmt" count="4"/>
      <line num="59" type="method" name="setKeyword" visibility="public" complexity="1" crap="1" count="4"/>
      <line num="61" type="stmt" count="4"/>
      <line num="63" type="stmt" count="4"/>
      <metrics loc="66" ncloc="66" classes="1" methods="7" coveredmethods="3" conditionals="0" coveredconditionals="0" statements="10" coveredstatements="5" elements="17" coveredelements="8"/>
    </file>
    <file name="/home/runner/work/budget-bot/budget-bot/src/Entity/Spreadsheet.php">
      <class name="App\Entity\Spreadsheet" namespace="global">
        <metrics complexity="9" methods="9" coveredmethods="0" conditionals="0" coveredconditionals="0" statements="13" coveredstatements="0" elements="22" coveredelements="0"/>
      </class>
      <line num="29" type="method" name="getId" visibility="public" complexity="1" crap="2" count="0"/>
      <line num="31" type="stmt" count="0"/>
      <line num="34" type="method" name="getSpreadsheetId" visibility="public" complexity="1" crap="2" count="0"/>
      <line num="36" type="stmt" count="0"/>
      <line num="39" type="method" name="setSpreadsheetId" visibility="public" complexity="1" crap="2" count="0"/>
      <line num="41" type="stmt" count="0"/>
      <line num="43" type="stmt" count="0"/>
      <line num="46" type="method" name="getMonth" visibility="public" complexity="1" crap="2" count="0"/>
      <line num="48" type="stmt" count="0"/>
      <line num="51" type="method" name="setMonth" visibility="public" complexity="1" crap="2" count="0"/>
      <line num="53" type="stmt" count="0"/>
      <line num="55" type="stmt" count="0"/>
      <line num="58" type="method" name="getYear" visibility="public" complexity="1" crap="2" count="0"/>
      <line num="60" type="stmt" count="0"/>
      <line num="63" type="method" name="setYear" visibility="public" complexity="1" crap="2" count="0"/>
      <line num="65" type="stmt" count="0"/>
      <line num="67" type="stmt" count="0"/>
      <line num="70" type="method" name="getUser" visibility="public" complexity="1" crap="2" count="0"/>
      <line num="72" type="stmt" count="0"/>
      <line num="75" type="method" name="setUser" visibility="public" complexity="1" crap="2" count="0"/>
      <line num="77" type="stmt" count="0"/>
      <line num="79" type="stmt" count="0"/>
      <metrics loc="82" ncloc="82" classes="1" methods="9" coveredmethods="0" conditionals="0" coveredconditionals="0" statements="13" coveredstatements="0" elements="22" coveredelements="0"/>
    </file>
    <file name="/home/runner/work/budget-bot/budget-bot/src/Entity/User.php">
      <class name="App\Entity\User" namespace="global">
        <metrics complexity="15" methods="15" coveredmethods="7" conditionals="0" coveredconditionals="0" statements="22" coveredstatements="10" elements="37" coveredelements="17"/>
      </class>
      <line num="40" type="method" name="getId" visibility="public" complexity="1" crap="1" count="3"/>
      <line num="42" type="stmt" count="3"/>
      <line num="45" type="method" name="getTelegramId" visibility="public" complexity="1" crap="1" count="4"/>
      <line num="47" type="stmt" count="4"/>
      <line num="50" type="method" name="setTelegramId" visibility="public" complexity="1" crap="1" count="19"/>
      <line num="52" type="stmt" count="19"/>
      <line num="54" type="stmt" count="19"/>
      <line num="57" type="method" name="getUsername" visibility="public" complexity="1" crap="2" count="0"/>
      <line num="59" type="stmt" count="0"/>
      <line num="62" type="method" name="setUsername" visibility="public" complexity="1" crap="2" count="0"/>
      <line num="64" type="stmt" count="0"/>
      <line num="66" type="stmt" count="0"/>
      <line num="69" type="method" name="getFirstName" visibility="public" complexity="1" crap="2" count="0"/>
      <line num="71" type="stmt" count="0"/>
      <line num="74" type="method" name="setFirstName" visibility="public" complexity="1" crap="2" count="0"/>
      <line num="76" type="stmt" count="0"/>
      <line num="78" type="stmt" count="0"/>
      <line num="81" type="method" name="getLastName" visibility="public" complexity="1" crap="2" count="0"/>
      <line num="83" type="stmt" count="0"/>
      <line num="86" type="method" name="setLastName" visibility="public" complexity="1" crap="2" count="0"/>
      <line num="88" type="stmt" count="0"/>
      <line num="90" type="stmt" count="0"/>
      <line num="93" type="method" name="getCurrentSpreadsheetId" visibility="public" complexity="1" crap="2" count="0"/>
      <line num="95" type="stmt" count="0"/>
      <line num="98" type="method" name="setCurrentSpreadsheetId" visibility="public" complexity="1" crap="2" count="0"/>
      <line num="100" type="stmt" count="0"/>
      <line num="102" type="stmt" count="0"/>
      <line num="105" type="method" name="getState" visibility="public" complexity="1" crap="1" count="5"/>
      <line num="107" type="stmt" count="5"/>
      <line num="110" type="method" name="setState" visibility="public" complexity="1" crap="1" count="5"/>
      <line num="112" type="stmt" count="5"/>
      <line num="114" type="stmt" count="5"/>
      <line num="120" type="method" name="getTempData" visibility="public" complexity="1" crap="1" count="2"/>
      <line num="122" type="stmt" count="2"/>
      <line num="128" type="method" name="setTempData" visibility="public" complexity="1" crap="1" count="2"/>
      <line num="130" type="stmt" count="2"/>
      <line num="132" type="stmt" count="2"/>
      <metrics loc="135" ncloc="126" classes="1" methods="15" coveredmethods="7" conditionals="0" coveredconditionals="0" statements="22" coveredstatements="10" elements="37" coveredelements="17"/>
    </file>
    <file name="/home/runner/work/budget-bot/budget-bot/src/Entity/UserCategory.php">
      <class name="App\Entity\UserCategory" namespace="global">
        <metrics complexity="16" methods="13" coveredmethods="7" conditionals="0" coveredconditionals="0" statements="23" coveredstatements="13" elements="36" coveredelements="20"/>
      </class>
      <line num="36" type="method" name="__construct" visibility="public" complexity="1" crap="1" count="7"/>
      <line num="38" type="stmt" count="7"/>
      <line num="41" type="method" name="getId" visibility="public" complexity="1" crap="2" count="0"/>
      <line num="43" type="stmt" count="0"/>
      <line num="46" type="method" name="getUser" visibility="public" complexity="1" crap="2" count="0"/>
      <line num="48" type="stmt" count="0"/>
      <line num="51" type="method" name="setUser" visibility="public" complexity="1" crap="1" count="7"/>
      <line num="53" type="stmt" count="7"/>
      <line num="55" type="stmt" count="7"/>
      <line num="58" type="method" name="getName" visibility="public" complexity="1" crap="1" count="4"/>
      <line num="60" type="stmt" count="4"/>
      <line num="63" type="method" name="setName" visibility="public" complexity="1" crap="1" count="7"/>
      <line num="65" type="stmt" count="7"/>
      <line num="67" type="stmt" count="7"/>
      <line num="70" type="method" name="getType" visibility="public" complexity="1" crap="2" count="0"/>
      <line num="72" type="stmt" count="0"/>
      <line num="75" type="method" name="setType" visibility="public" complexity="1" crap="1" count="7"/>
      <line num="77" type="stmt" count="7"/>
      <line num="79" type="stmt" count="7"/>
      <line num="82" type="method" name="isIncome" visibility="public" complexity="1" crap="2" count="0"/>
      <line num="84" type="stmt" count="0"/>
      <line num="87" type="method" name="setIsIncome" visibility="public" complexity="1" crap="2" count="0"/>
      <line num="89" type="stmt" count="0"/>
      <line num="91" type="stmt" count="0"/>
      <line num="95" type="method" name="getKeywords" visibility="public" complexity="1" crap="1" count="5"/>
      <line num="97" type="stmt" count="5"/>
      <line num="100" type="method" name="addKeyword" visibility="public" complexity="2" crap="2" count="4"/>
      <line num="102" type="stmt" count="4"/>
      <line num="103" type="stmt" count="4"/>
      <line num="104" type="stmt" count="4"/>
      <line num="107" type="stmt" count="4"/>
      <line num="110" type="method" name="removeKeyword" visibility="public" complexity="3" crap="12" count="0"/>
      <line num="112" type="stmt" count="0"/>
      <line num="113" type="stmt" count="0"/>
      <line num="114" type="stmt" count="0"/>
      <line num="118" type="stmt" count="0"/>
      <metrics loc="121" ncloc="119" classes="1" methods="13" coveredmethods="7" conditionals="0" coveredconditionals="0" statements="23" coveredstatements="13" elements="36" coveredelements="20"/>
    </file>
    <file name="/home/runner/work/budget-bot/budget-bot/src/Entity/UserSpreadsheet.php">
      <class name="App\Entity\UserSpreadsheet" namespace="global">
        <metrics complexity="11" methods="11" coveredmethods="10" conditionals="0" coveredconditionals="0" statements="16" coveredstatements="15" elements="27" coveredelements="25"/>
      </class>
      <line num="32" type="method" name="getId" visibility="public" complexity="1" crap="2" count="0"/>
      <line num="34" type="stmt" count="0"/>
      <line num="37" type="method" name="getUser" visibility="public" complexity="1" crap="1" count="1"/>
      <line num="39" type="stmt" count="1"/>
      <line num="42" type="method" name="setUser" visibility="public" complexity="1" crap="1" count="5"/>
      <line num="44" type="stmt" count="5"/>
      <line num="46" type="stmt" count="5"/>
      <line num="49" type="method" name="getSpreadsheetId" visibility="public" complexity="1" crap="1" count="5"/>
      <line num="51" type="stmt" count="5"/>
      <line num="54" type="method" name="setSpreadsheetId" visibility="public" complexity="1" crap="1" count="5"/>
      <line num="56" type="stmt" count="5"/>
      <line num="58" type="stmt" count="5"/>
      <line num="61" type="method" name="getTitle" visibility="public" complexity="1" crap="1" count="1"/>
      <line num="63" type="stmt" count="1"/>
      <line num="66" type="method" name="setTitle" visibility="public" complexity="1" crap="1" count="5"/>
      <line num="68" type="stmt" count="5"/>
      <line num="70" type="stmt" count="5"/>
      <line num="73" type="method" name="getMonth" visibility="public" complexity="1" crap="1" count="3"/>
      <line num="75" type="stmt" count="3"/>
      <line num="78" type="method" name="setMonth" visibility="public" complexity="1" crap="1" count="5"/>
      <line num="80" type="stmt" count="5"/>
      <line num="82" type="stmt" count="5"/>
      <line num="85" type="method" name="getYear" visibility="public" complexity="1" crap="1" count="3"/>
      <line num="87" type="stmt" count="3"/>
      <line num="90" type="method" name="setYear" visibility="public" complexity="1" crap="1" count="5"/>
      <line num="92" type="stmt" count="5"/>
      <line num="94" type="stmt" count="5"/>
      <metrics loc="97" ncloc="97" classes="1" methods="11" coveredmethods="10" conditionals="0" coveredconditionals="0" statements="16" coveredstatements="15" elements="27" coveredelements="25"/>
    </file>
    <file name="/home/runner/work/budget-bot/budget-bot/src/Kernel.php">
      <class name="App\Kernel" namespace="global">
        <metrics complexity="0" methods="0" coveredmethods="0" conditionals="0" coveredconditionals="0" statements="0" coveredstatements="0" elements="0" coveredelements="0"/>
      </class>
      <metrics loc="12" ncloc="12" classes="0" methods="0" coveredmethods="0" conditionals="0" coveredconditionals="0" statements="0" coveredstatements="0" elements="0" coveredelements="0"/>
    </file>
    <file name="/home/runner/work/budget-bot/budget-bot/src/Repository/CategoryKeywordRepository.php">
      <class name="App\Repository\CategoryKeywordRepository" namespace="global">
        <metrics complexity="5" methods="3" coveredmethods="2" conditionals="0" coveredconditionals="0" statements="17" coveredstatements="4" elements="20" coveredelements="6"/>
      </class>
      <line num="15" type="method" name="__construct" visibility="public" complexity="1" crap="1" count="2"/>
      <line num="17" type="stmt" count="2"/>
      <line num="23" type="method" name="findMatchingKeywords" visibility="public" complexity="2" crap="6" count="0"/>
      <line num="25" type="stmt" count="0"/>
      <line num="26" type="stmt" count="0"/>
      <line num="27" type="stmt" count="0"/>
      <line num="28" type="stmt" count="0"/>
      <line num="29" type="stmt" count="0"/>
      <line num="30" type="stmt" count="0"/>
      <line num="31" type="stmt" count="0"/>
      <line num="33" type="stmt" count="0"/>
      <line num="34" type="stmt" count="0"/>
      <line num="35" type="stmt" count="0"/>
      <line num="37" type="stmt" count="0"/>
      <line num="38" type="stmt" count="0"/>
      <line num="41" type="stmt" count="0"/>
      <line num="44" type="method" name="save" visibility="public" complexity="2" crap="2" count="1"/>
      <line num="46" type="stmt" count="1"/>
      <line num="48" type="stmt" count="1"/>
      <line num="49" type="stmt" count="1"/>
      <metrics loc="53" ncloc="47" classes="1" methods="3" coveredmethods="2" conditionals="0" coveredconditionals="0" statements="17" coveredstatements="4" elements="20" coveredelements="6"/>
    </file>
    <file name="/home/runner/work/budget-bot/budget-bot/src/Repository/CategoryRepository.php">
      <class name="App\Repository\CategoryRepository" namespace="global">
        <metrics complexity="4" methods="3" coveredmethods="1" conditionals="0" coveredconditionals="0" statements="5" coveredstatements="1" elements="8" coveredelements="2"/>
      </class>
      <line num="14" type="method" name="__construct" visibility="public" complexity="1" crap="1" count="2"/>
      <line num="16" type="stmt" count="2"/>
      <line num="22" type="method" name="findByType" visibility="public" complexity="1" crap="2" count="0"/>
      <line num="24" type="stmt" count="0"/>
      <line num="27" type="method" name="save" visibility="public" complexity="2" crap="6" count="0"/>
      <line num="29" type="stmt" count="0"/>
      <line num="31" type="stmt" count="0"/>
      <line num="32" type="stmt" count="0"/>
      <metrics loc="36" ncloc="30" classes="1" methods="3" coveredmethods="1" conditionals="0" coveredconditionals="0" statements="5" coveredstatements="1" elements="8" coveredelements="2"/>
    </file>
    <file name="/home/runner/work/budget-bot/budget-bot/src/Repository/SpreadsheetRepository.php">
      <class name="App\Repository\SpreadsheetRepository" namespace="global">
        <metrics complexity="4" methods="4" coveredmethods="0" conditionals="0" coveredconditionals="0" statements="8" coveredstatements="0" elements="12" coveredelements="0"/>
      </class>
      <line num="20" type="method" name="__construct" visibility="public" complexity="1" crap="2" count="0"/>
      <line num="22" type="stmt" count="0"/>
      <line num="28" type="method" name="findByUser" visibility="public" complexity="1" crap="2" count="0"/>
      <line num="30" type="stmt" count="0"/>
      <line num="33" type="method" name="findLatestByUser" visibility="public" complexity="1" crap="2" count="0"/>
      <line num="35" type="stmt" count="0"/>
      <line num="38" type="method" name="findByUserAndMonth" visibility="public" complexity="1" crap="2" count="0"/>
      <line num="40" type="stmt" count="0"/>
      <line num="41" type="stmt" count="0"/>
      <line num="42" type="stmt" count="0"/>
      <line num="43" type="stmt" count="0"/>
      <line num="44" type="stmt" count="0"/>
      <metrics loc="47" ncloc="36" classes="1" methods="4" coveredmethods="0" conditionals="0" coveredconditionals="0" statements="8" coveredstatements="0" elements="12" coveredelements="0"/>
    </file>
    <file name="/home/runner/work/budget-bot/budget-bot/src/Repository/UserCategoryRepository.php">
      <class name="App\Repository\UserCategoryRepository" namespace="global">
        <metrics complexity="6" methods="4" coveredmethods="3" conditionals="0" coveredconditionals="0" statements="8" coveredstatements="7" elements="12" coveredelements="10"/>
      </class>
      <line num="15" type="method" name="__construct" visibility="public" complexity="1" crap="1" count="2"/>
      <line num="17" type="stmt" count="2"/>
      <line num="23" type="method" name="findByUserAndType" visibility="public" complexity="1" crap="1" count="2"/>
      <line num="25" type="stmt" count="2"/>
      <line num="28" type="method" name="save" visibility="public" complexity="2" crap="2" count="1"/>
      <line num="30" type="stmt" count="1"/>
      <line num="32" type="stmt" count="1"/>
      <line num="33" type="stmt" count="1"/>
      <line num="37" type="method" name="remove" visibility="public" complexity="2" crap="2.15" count="1"/>
      <line num="39" type="stmt" count="1"/>
      <line num="41" type="stmt" count="1"/>
      <line num="42" type="stmt" count="0"/>
      <metrics loc="46" ncloc="40" classes="1" methods="4" coveredmethods="3" conditionals="0" coveredconditionals="0" statements="8" coveredstatements="7" elements="12" coveredelements="10"/>
    </file>
    <file name="/home/runner/work/budget-bot/budget-bot/src/Repository/UserRepository.php">
      <class name="App\Repository\UserRepository" namespace="global">
        <metrics complexity="7" methods="5" coveredmethods="3" conditionals="0" coveredconditionals="0" statements="57" coveredstatements="31" elements="62" coveredelements="34"/>
      </class>
      <line num="17" type="method" name="__construct" visibility="public" complexity="1" crap="1" count="2"/>
      <line num="19" type="stmt" count="2"/>
      <line num="20" type="stmt" count="2"/>
      <line num="23" type="method" name="findByTelegramId" visibility="public" complexity="1" crap="1" count="2"/>
      <line num="25" type="stmt" count="2"/>
      <line num="26" type="stmt" count="2"/>
      <line num="27" type="stmt" count="2"/>
      <line num="30" type="stmt" count="2"/>
      <line num="32" type="stmt" count="2"/>
      <line num="33" type="stmt" count="2"/>
      <line num="34" type="stmt" count="2"/>
      <line num="35" type="stmt" count="2"/>
      <line num="36" type="stmt" count="2"/>
      <line num="37" type="stmt" count="2"/>
      <line num="39" type="stmt" count="2"/>
      <line num="42" type="method" name="save" visibility="public" complexity="3" crap="3" count="2"/>
      <line num="44" type="stmt" count="2"/>
      <line num="45" type="stmt" count="2"/>
      <line num="46" type="stmt" count="2"/>
      <line num="47" type="stmt" count="2"/>
      <line num="48" type="stmt" count="2"/>
      <line num="49" type="stmt" count="2"/>
      <line num="51" type="stmt" count="2"/>
      <line num="53" type="stmt" count="2"/>
      <line num="54" type="stmt" count="2"/>
      <line num="55" type="stmt" count="2"/>
      <line num="58" type="stmt" count="2"/>
      <line num="59" type="stmt" count="2"/>
      <line num="60" type="stmt" count="2"/>
      <line num="61" type="stmt" count="2"/>
      <line num="62" type="stmt" count="2"/>
      <line num="63" type="stmt" count="2"/>
      <line num="64" type="stmt" count="2"/>
      <line num="65" type="stmt" count="2"/>
      <line num="70" type="method" name="setUserState" visibility="public" complexity="1" crap="2" count="0"/>
      <line num="72" type="stmt" count="0"/>
      <line num="73" type="stmt" count="0"/>
      <line num="74" type="stmt" count="0"/>
      <line num="75" type="stmt" count="0"/>
      <line num="76" type="stmt" count="0"/>
      <line num="78" type="stmt" count="0"/>
      <line num="79" type="stmt" count="0"/>
      <line num="82" type="stmt" count="0"/>
      <line num="83" type="stmt" count="0"/>
      <line num="84" type="stmt" count="0"/>
      <line num="85" type="stmt" count="0"/>
      <line num="86" type="stmt" count="0"/>
      <line num="89" type="method" name="clearUserState" visibility="public" complexity="1" crap="2" count="0"/>
      <line num="91" type="stmt" count="0"/>
      <line num="92" type="stmt" count="0"/>
      <line num="93" type="stmt" count="0"/>
      <line num="94" type="stmt" count="0"/>
      <line num="95" type="stmt" count="0"/>
      <line num="97" type="stmt" count="0"/>
      <line num="98" type="stmt" count="0"/>
      <line num="99" type="stmt" count="0"/>
      <line num="102" type="stmt" count="0"/>
      <line num="103" type="stmt" count="0"/>
      <line num="104" type="stmt" count="0"/>
      <line num="105" type="stmt" count="0"/>
      <line num="106" type="stmt" count="0"/>
      <line num="107" type="stmt" count="0"/>
      <metrics loc="110" ncloc="103" classes="1" methods="5" coveredmethods="3" conditionals="0" coveredconditionals="0" statements="57" coveredstatements="31" elements="62" coveredelements="34"/>
    </file>
    <file name="/home/runner/work/budget-bot/budget-bot/src/Repository/UserSpreadsheetRepository.php">
      <class name="App\Repository\UserSpreadsheetRepository" namespace="global">
        <metrics complexity="10" methods="7" coveredmethods="6" conditionals="0" coveredconditionals="0" statements="33" coveredstatements="23" elements="40" coveredelements="29"/>
      </class>
      <line num="20" type="method" name="__construct" visibility="public" complexity="1" crap="1" count="2"/>
      <line num="22" type="stmt" count="2"/>
      <line num="25" type="method" name="save" visibility="public" complexity="2" crap="2" count="2"/>
      <line num="27" type="stmt" count="2"/>
      <line num="29" type="stmt" count="2"/>
      <line num="30" type="stmt" count="2"/>
      <line num="34" type="method" name="remove" visibility="public" complexity="2" crap="2" count="1"/>
      <line num="36" type="stmt" count="1"/>
      <line num="38" type="stmt" count="1"/>
      <line num="39" type="stmt" count="1"/>
      <line num="46" type="method" name="getSpreadsheetsList" visibility="public" complexity="2" crap="6" count="0"/>
      <line num="48" type="stmt" count="0"/>
      <line num="49" type="stmt" count="0"/>
      <line num="51" type="stmt" count="0"/>
      <line num="52" type="stmt" count="0"/>
      <line num="53" type="stmt" count="0"/>
      <line num="54" type="stmt" count="0"/>
      <line num="55" type="stmt" count="0"/>
      <line num="56" type="stmt" count="0"/>
      <line num="57" type="stmt" count="0"/>
      <line num="60" type="stmt" count="0"/>
      <line num="63" type="method" name="findByDate" visibility="public" complexity="1" crap="1" count="1"/>
      <line num="65" type="stmt" count="1"/>
      <line num="66" type="stmt" count="1"/>
      <line num="68" type="stmt" count="1"/>
      <line num="69" type="stmt" count="1"/>
      <line num="70" type="stmt" count="1"/>
      <line num="71" type="stmt" count="1"/>
      <line num="72" type="stmt" count="1"/>
      <line num="75" type="method" name="findLatest" visibility="public" complexity="1" crap="1" count="1"/>
      <line num="77" type="stmt" count="1"/>
      <line num="78" type="stmt" count="1"/>
      <line num="79" type="stmt" count="1"/>
      <line num="80" type="stmt" count="1"/>
      <line num="83" type="method" name="findByMonthAndYear" visibility="public" complexity="1" crap="1" count="2"/>
      <line num="85" type="stmt" count="2"/>
      <line num="86" type="stmt" count="2"/>
      <line num="87" type="stmt" count="2"/>
      <line num="88" type="stmt" count="2"/>
      <line num="89" type="stmt" count="2"/>
      <metrics loc="92" ncloc="80" classes="1" methods="7" coveredmethods="6" conditionals="0" coveredconditionals="0" statements="33" coveredstatements="23" elements="40" coveredelements="29"/>
    </file>
    <file name="/home/runner/work/budget-bot/budget-bot/src/Service/CategoryService.php">
      <class name="App\Service\CategoryService" namespace="global">
        <metrics complexity="27" methods="9" coveredmethods="4" conditionals="0" coveredconditionals="0" statements="75" coveredstatements="57" elements="84" coveredelements="61"/>
      </class>
      <line num="15" type="method" name="__construct" visibility="public" complexity="1" crap="1" count="8"/>
      <line num="20" type="stmt" count="8"/>
      <line num="25" type="method" name="getCategories" visibility="public" complexity="2" crap="2" count="3"/>
      <line num="27" type="stmt" count="3"/>
      <line num="30" type="stmt" count="3"/>
      <line num="31" type="stmt" count="3"/>
      <line num="32" type="stmt" count="3"/>
      <line num="33" type="stmt" count="3"/>
      <line num="34" type="stmt" count="3"/>
      <line num="36" type="stmt" count="3"/>
      <line num="38" type="stmt" count="3"/>
      <line num="41" type="method" name="detectCategory" visibility="public" complexity="5" crap="5.01" count="5"/>
      <line num="43" type="stmt" count="5"/>
      <line num="46" type="stmt" count="5"/>
      <line num="47" type="stmt" count="5"/>
      <line num="48" type="stmt" count="1"/>
      <line num="52" type="stmt" count="5"/>
      <line num="53" type="stmt" count="5"/>
      <line num="54" type="stmt" count="0"/>
      <line num="57" type="stmt" count="5"/>
      <line num="58" type="stmt" count="5"/>
      <line num="59" type="stmt" count="5"/>
      <line num="60" type="stmt" count="3"/>
      <line num="64" type="stmt" count="3"/>
      <line num="67" type="method" name="findCategoryByKeyword" visibility="private" complexity="4" crap="4" count="5"/>
      <line num="70" type="stmt" count="5"/>
      <line num="71" type="stmt" count="5"/>
      <line num="72" type="stmt" count="5"/>
      <line num="73" type="stmt" count="4"/>
      <line num="74" type="stmt" count="3"/>
      <line num="79" type="stmt" count="5"/>
      <line num="82" type="method" name="addKeywordToCategory" visibility="public" complexity="2" crap="2.41" count="1"/>
      <line num="85" type="stmt" count="1"/>
      <line num="86" type="stmt" count="1"/>
      <line num="87" type="stmt" count="1"/>
      <line num="88" type="stmt" count="1"/>
      <line num="89" type="stmt" count="1"/>
      <line num="91" type="stmt" count="1"/>
      <line num="92" type="stmt" count="1"/>
      <line num="94" type="stmt" count="1"/>
      <line num="98" type="stmt" count="0"/>
      <line num="99" type="stmt" count="0"/>
      <line num="100" type="stmt" count="0"/>
      <line num="101" type="stmt" count="0"/>
      <line num="102" type="stmt" count="0"/>
      <line num="104" type="stmt" count="0"/>
      <line num="105" type="stmt" count="0"/>
      <line num="111" type="method" name="addUserCategory" visibility="public" complexity="5" crap="5.07" count="1"/>
      <line num="114" type="stmt" count="1"/>
      <line num="115" type="stmt" count="1"/>
      <line num="116" type="stmt" count="1"/>
      <line num="117" type="stmt" count="1"/>
      <line num="118" type="stmt" count="1"/>
      <line num="120" type="stmt" count="1"/>
      <line num="121" type="stmt" count="0"/>
      <line num="124" type="stmt" count="1"/>
      <line num="125" type="stmt" count="1"/>
      <line num="126" type="stmt" count="1"/>
      <line num="127" type="stmt" count="1"/>
      <line num="129" type="stmt" count="1"/>
      <line num="131" type="stmt" count="1"/>
      <line num="132" type="stmt" count="0"/>
      <line num="139" type="method" name="addKeywordsToCategory" visibility="private" complexity="3" crap="3.03" count="1"/>
      <line num="141" type="stmt" count="1"/>
      <line num="142" type="stmt" count="1"/>
      <line num="143" type="stmt" count="1"/>
      <line num="145" type="stmt" count="1"/>
      <line num="146" type="stmt" count="1"/>
      <line num="148" type="stmt" count="0"/>
      <line num="151" type="stmt" count="1"/>
      <line num="155" type="method" name="removeUserCategory" visibility="public" complexity="3" crap="12" count="0"/>
      <line num="157" type="stmt" count="0"/>
      <line num="158" type="stmt" count="0"/>
      <line num="159" type="stmt" count="0"/>
      <line num="160" type="stmt" count="0"/>
      <line num="161" type="stmt" count="0"/>
      <line num="163" type="stmt" count="0"/>
      <line num="164" type="stmt" count="0"/>
      <line num="168" type="method" name="clearUserCategories" visibility="public" complexity="2" crap="2" count="2"/>
      <line num="170" type="stmt" count="2"/>
      <line num="171" type="stmt" count="2"/>
      <line num="173" type="stmt" count="2"/>
      <line num="174" type="stmt" count="2"/>
      <line num="177" type="stmt" count="2"/>
      <metrics loc="180" ncloc="164" classes="1" methods="9" coveredmethods="4" conditionals="0" coveredconditionals="0" statements="75" coveredstatements="57" elements="84" coveredelements="61"/>
    </file>
    <file name="/home/runner/work/budget-bot/budget-bot/src/Service/Command/AddCommand.php">
      <class name="App\Service\Command\AddCommand" namespace="global">
        <metrics complexity="5" methods="4" coveredmethods="4" conditionals="0" coveredconditionals="0" statements="19" coveredstatements="19" elements="23" coveredelements="23"/>
      </class>
      <line num="11" type="method" name="__construct" visibility="public" complexity="1" crap="1" count="6"/>
      <line num="15" type="stmt" count="6"/>
      <line num="17" type="method" name="supports" visibility="public" complexity="1" crap="1" count="1"/>
      <line num="19" type="stmt" count="1"/>
      <line num="22" type="method" name="getName" visibility="public" complexity="1" crap="1" count="3"/>
      <line num="24" type="stmt" count="3"/>
      <line num="27" type="method" name="execute" visibility="public" complexity="2" crap="2" count="4"/>
      <line num="29" type="stmt" count="4"/>
      <line num="30" type="stmt" count="1"/>
      <line num="31" type="stmt" count="1"/>
      <line num="32" type="stmt" count="1"/>
      <line num="33" type="stmt" count="1"/>
      <line num="34" type="stmt" count="1"/>
      <line num="36" type="stmt" count="1"/>
      <line num="39" type="stmt" count="3"/>
      <line num="40" type="stmt" count="3"/>
      <line num="42" type="stmt" count="3"/>
      <line num="43" type="stmt" count="3"/>
      <line num="44" type="stmt" count="3"/>
      <line num="45" type="stmt" count="3"/>
      <line num="46" type="stmt" count="3"/>
      <line num="47" type="stmt" count="3"/>
      <line num="48" type="stmt" count="3"/>
      <metrics loc="51" ncloc="51" classes="1" methods="4" coveredmethods="4" conditionals="0" coveredconditionals="0" statements="19" coveredstatements="19" elements="23" coveredelements="23"/>
    </file>
    <file name="/home/runner/work/budget-bot/budget-bot/src/Service/Command/CategoriesCommand.php">
      <class name="App\Service\Command\CategoriesCommand" namespace="global">
        <metrics complexity="5" methods="4" coveredmethods="4" conditionals="0" coveredconditionals="0" statements="26" coveredstatements="26" elements="30" coveredelements="30"/>
      </class>
      <line num="11" type="method" name="__construct" visibility="public" complexity="1" crap="1" count="6"/>
      <line num="15" type="stmt" count="6"/>
      <line num="17" type="method" name="supports" visibility="public" complexity="1" crap="1" count="1"/>
      <line num="19" type="stmt" count="1"/>
      <line num="22" type="method" name="getName" visibility="public" complexity="1" crap="1" count="3"/>
      <line num="24" type="stmt" count="3"/>
      <line num="27" type="method" name="execute" visibility="public" complexity="2" crap="2" count="3"/>
      <line num="29" type="stmt" count="3"/>
      <line num="30" type="stmt" count="1"/>
      <line num="31" type="stmt" count="1"/>
      <line num="32" type="stmt" count="1"/>
      <line num="33" type="stmt" count="1"/>
      <line num="34" type="stmt" count="1"/>
      <line num="36" type="stmt" count="1"/>
      <line num="39" type="stmt" count="2"/>
      <line num="40" type="stmt" count="2"/>
      <line num="41" type="stmt" count="2"/>
      <line num="42" type="stmt" count="2"/>
      <line num="44" type="stmt" count="2"/>
      <line num="45" type="stmt" count="2"/>
      <line num="47" type="stmt" count="2"/>
      <line num="48" type="stmt" count="2"/>
      <line num="49" type="stmt" count="2"/>
      <line num="50" type="stmt" count="2"/>
      <line num="51" type="stmt" count="2"/>
      <line num="52" type="stmt" count="2"/>
      <line num="53" type="stmt" count="2"/>
      <line num="54" type="stmt" count="2"/>
      <line num="55" type="stmt" count="2"/>
      <line num="56" type="stmt" count="2"/>
      <metrics loc="59" ncloc="59" classes="1" methods="4" coveredmethods="4" conditionals="0" coveredconditionals="0" statements="26" coveredstatements="26" elements="30" coveredelements="30"/>
    </file>
    <file name="/home/runner/work/budget-bot/budget-bot/src/Service/Command/CommandInterface.php">
      <metrics loc="15" ncloc="15" classes="0" methods="0" coveredmethods="0" conditionals="0" coveredconditionals="0" statements="0" coveredstatements="0" elements="0" coveredelements="0"/>
    </file>
    <file name="/home/runner/work/budget-bot/budget-bot/src/Service/Command/ListCommand.php">
      <class name="App\Service\Command\ListCommand" namespace="global">
        <metrics complexity="7" methods="4" coveredmethods="4" conditionals="0" coveredconditionals="0" statements="31" coveredstatements="31" elements="35" coveredelements="35"/>
      </class>
      <line num="11" type="method" name="__construct" visibility="public" complexity="1" crap="1" count="7"/>
      <line num="15" type="stmt" count="7"/>
      <line num="17" type="method" name="supports" visibility="public" complexity="1" crap="1" count="1"/>
      <line num="19" type="stmt" count="1"/>
      <line num="22" type="method" name="getName" visibility="public" complexity="1" crap="1" count="3"/>
      <line num="24" type="stmt" count="3"/>
      <line num="27" type="method" name="execute" visibility="public" complexity="4" crap="4" count="4"/>
      <line num="29" type="stmt" count="4"/>
      <line num="30" type="stmt" count="1"/>
      <line num="31" type="stmt" count="1"/>
      <line num="32" type="stmt" count="1"/>
      <line num="33" type="stmt" count="1"/>
      <line num="34" type="stmt" count="1"/>
      <line num="36" type="stmt" count="1"/>
      <line num="39" type="stmt" count="3"/>
      <line num="41" type="stmt" count="3"/>
      <line num="42" type="stmt" count="2"/>
      <line num="43" type="stmt" count="2"/>
      <line num="44" type="stmt" count="2"/>
      <line num="45" type="stmt" count="2"/>
      <line num="46" type="stmt" count="2"/>
      <line num="48" type="stmt" count="2"/>
      <line num="51" type="stmt" count="2"/>
      <line num="52" type="stmt" count="2"/>
      <line num="53" type="stmt" count="2"/>
      <line num="54" type="stmt" count="2"/>
      <line num="55" type="stmt" count="2"/>
      <line num="56" type="stmt" count="2"/>
      <line num="57" type="stmt" count="2"/>
      <line num="58" type="stmt" count="2"/>
      <line num="61" type="stmt" count="2"/>
      <line num="62" type="stmt" count="2"/>
      <line num="63" type="stmt" count="2"/>
      <line num="64" type="stmt" count="2"/>
      <line num="65" type="stmt" count="2"/>
      <metrics loc="68" ncloc="68" classes="1" methods="4" coveredmethods="4" conditionals="0" coveredconditionals="0" statements="31" coveredstatements="31" elements="35" coveredelements="35"/>
    </file>
    <file name="/home/runner/work/budget-bot/budget-bot/src/Service/Command/MapCommand.php">
      <class name="App\Service\Command\MapCommand" namespace="global">
        <metrics complexity="22" methods="6" coveredmethods="4" conditionals="0" coveredconditionals="0" statements="96" coveredstatements="76" elements="102" coveredelements="80"/>
      </class>
      <line num="13" type="method" name="__construct" visibility="public" complexity="1" crap="1" count="11"/>
      <line num="19" type="stmt" count="11"/>
      <line num="21" type="method" name="getName" visibility="public" complexity="1" crap="1" count="4"/>
      <line num="23" type="stmt" count="4"/>
      <line num="26" type="method" name="supports" visibility="public" complexity="1" crap="1" count="1"/>
      <line num="28" type="stmt" count="1"/>
      <line num="31" type="method" name="execute" visibility="public" complexity="7" crap="7" count="8"/>
      <line num="33" type="stmt" count="8"/>
      <line num="34" type="stmt" count="1"/>
      <line num="35" type="stmt" count="1"/>
      <line num="36" type="stmt" count="1"/>
      <line num="37" type="stmt" count="1"/>
      <line num="38" type="stmt" count="1"/>
      <line num="40" type="stmt" count="1"/>
      <line num="43" type="stmt" count="7"/>
      <line num="44" type="stmt" count="7"/>
      <line num="45" type="stmt" count="1"/>
      <line num="46" type="stmt" count="1"/>
      <line num="47" type="stmt" count="1"/>
      <line num="48" type="stmt" count="1"/>
      <line num="49" type="stmt" count="1"/>
      <line num="51" type="stmt" count="1"/>
      <line num="54" type="stmt" count="6"/>
      <line num="55" type="stmt" count="6"/>
      <line num="56" type="stmt" count="1"/>
      <line num="58" type="stmt" count="1"/>
      <line num="62" type="stmt" count="5"/>
      <line num="63" type="stmt" count="3"/>
      <line num="65" type="stmt" count="3"/>
      <line num="68" type="stmt" count="3"/>
      <line num="70" type="stmt" count="3"/>
      <line num="71" type="stmt" count="1"/>
      <line num="72" type="stmt" count="1"/>
      <line num="73" type="stmt" count="1"/>
      <line num="74" type="stmt" count="1"/>
      <line num="75" type="stmt" count="1"/>
      <line num="77" type="stmt" count="1"/>
      <line num="80" type="stmt" count="2"/>
      <line num="81" type="stmt" count="2"/>
      <line num="82" type="stmt" count="2"/>
      <line num="83" type="stmt" count="2"/>
      <line num="84" type="stmt" count="2"/>
      <line num="87" type="method" name="handleMapping" visibility="private" complexity="3" crap="3.08" count="3"/>
      <line num="89" type="stmt" count="3"/>
      <line num="90" type="stmt" count="3"/>
      <line num="91" type="stmt" count="0"/>
      <line num="92" type="stmt" count="0"/>
      <line num="93" type="stmt" count="0"/>
      <line num="94" type="stmt" count="0"/>
      <line num="95" type="stmt" count="0"/>
      <line num="97" type="stmt" count="0"/>
      <line num="100" type="stmt" count="3"/>
      <line num="101" type="stmt" count="3"/>
      <line num="104" type="stmt" count="3"/>
      <line num="105" type="stmt" count="3"/>
      <line num="106" type="stmt" count="1"/>
      <line num="107" type="stmt" count="1"/>
      <line num="108" type="stmt" count="1"/>
      <line num="109" type="stmt" count="1"/>
      <line num="110" type="stmt" count="1"/>
      <line num="111" type="stmt" count="1"/>
      <line num="112" type="stmt" count="1"/>
      <line num="113" type="stmt" count="1"/>
      <line num="114" type="stmt" count="1"/>
      <line num="115" type="stmt" count="1"/>
      <line num="117" type="stmt" count="1"/>
      <line num="120" type="stmt" count="2"/>
      <line num="121" type="stmt" count="2"/>
      <line num="122" type="stmt" count="2"/>
      <line num="123" type="stmt" count="2"/>
      <line num="124" type="stmt" count="2"/>
      <line num="125" type="stmt" count="2"/>
      <line num="128" type="method" name="showAllMappings" visibility="private" complexity="9" crap="18.11" count="1"/>
      <line num="130" type="stmt" count="1"/>
      <line num="131" type="stmt" count="1"/>
      <line num="133" type="stmt" count="1"/>
      <line num="134" type="stmt" count="1"/>
      <line num="137" type="stmt" count="1"/>
      <line num="138" type="stmt" count="1"/>
      <line num="140" type="stmt" count="1"/>
      <line num="141" type="stmt" count="0"/>
      <line num="142" type="stmt" count="0"/>
      <line num="143" type="stmt" count="0"/>
      <line num="145" type="stmt" count="0"/>
      <line num="146" type="stmt" count="0"/>
      <line num="147" type="stmt" count="0"/>
      <line num="151" type="stmt" count="1"/>
      <line num="152" type="stmt" count="0"/>
      <line num="153" type="stmt" count="0"/>
      <line num="154" type="stmt" count="0"/>
      <line num="155" type="stmt" count="0"/>
      <line num="156" type="stmt" count="0"/>
      <line num="158" type="stmt" count="0"/>
      <line num="159" type="stmt" count="0"/>
      <line num="160" type="stmt" count="0"/>
      <line num="165" type="stmt" count="1"/>
      <line num="166" type="stmt" count="1"/>
      <line num="169" type="stmt" count="1"/>
      <line num="170" type="stmt" count="1"/>
      <line num="171" type="stmt" count="1"/>
      <line num="172" type="stmt" count="1"/>
      <line num="173" type="stmt" count="1"/>
      <metrics loc="176" ncloc="173" classes="1" methods="6" coveredmethods="4" conditionals="0" coveredconditionals="0" statements="96" coveredstatements="76" elements="102" coveredelements="80"/>
    </file>
    <file name="/home/runner/work/budget-bot/budget-bot/src/Service/Command/RemoveCommand.php">
      <class name="App\Service\Command\RemoveCommand" namespace="global">
        <metrics complexity="12" methods="4" coveredmethods="3" conditionals="0" coveredconditionals="0" statements="66" coveredstatements="37" elements="70" coveredelements="40"/>
      </class>
      <line num="12" type="method" name="__construct" visibility="public" complexity="1" crap="1" count="7"/>
      <line num="17" type="stmt" count="7"/>
      <line num="19" type="method" name="supports" visibility="public" complexity="1" crap="1" count="1"/>
      <line num="21" type="stmt" count="1"/>
      <line num="24" type="method" name="getName" visibility="public" complexity="1" crap="1" count="3"/>
      <line num="26" type="stmt" count="3"/>
      <line num="29" type="method" name="execute" visibility="public" complexity="9" crap="16.90" count="4"/>
      <line num="31" type="stmt" count="4"/>
      <line num="32" type="stmt" count="1"/>
      <line num="33" type="stmt" count="1"/>
      <line num="34" type="stmt" count="1"/>
      <line num="35" type="stmt" count="1"/>
      <line num="36" type="stmt" count="1"/>
      <line num="38" type="stmt" count="1"/>
      <line num="41" type="stmt" count="3"/>
      <line num="43" type="stmt" count="3"/>
      <line num="44" type="stmt" count="1"/>
      <line num="45" type="stmt" count="1"/>
      <line num="46" type="stmt" count="1"/>
      <line num="47" type="stmt" count="1"/>
      <line num="48" type="stmt" count="1"/>
      <line num="50" type="stmt" count="1"/>
      <line num="54" type="stmt" count="2"/>
      <line num="55" type="stmt" count="2"/>
      <line num="56" type="stmt" count="2"/>
      <line num="58" type="stmt" count="2"/>
      <line num="59" type="stmt" count="0"/>
      <line num="60" type="stmt" count="0"/>
      <line num="61" type="stmt" count="0"/>
      <line num="62" type="stmt" count="0"/>
      <line num="63" type="stmt" count="0"/>
      <line num="65" type="stmt" count="0"/>
      <line num="66" type="stmt" count="0"/>
      <line num="67" type="stmt" count="0"/>
      <line num="68" type="stmt" count="0"/>
      <line num="69" type="stmt" count="0"/>
      <line num="70" type="stmt" count="0"/>
      <line num="71" type="stmt" count="0"/>
      <line num="72" type="stmt" count="0"/>
      <line num="73" type="stmt" count="0"/>
      <line num="74" type="stmt" count="0"/>
      <line num="75" type="stmt" count="0"/>
      <line num="76" type="stmt" count="0"/>
      <line num="77" type="stmt" count="0"/>
      <line num="78" type="stmt" count="0"/>
      <line num="79" type="stmt" count="0"/>
      <line num="80" type="stmt" count="0"/>
      <line num="82" type="stmt" count="0"/>
      <line num="86" type="stmt" count="0"/>
      <line num="87" type="stmt" count="0"/>
      <line num="88" type="stmt" count="0"/>
      <line num="89" type="stmt" count="0"/>
      <line num="90" type="stmt" count="0"/>
      <line num="91" type="stmt" count="0"/>
      <line num="94" type="stmt" count="0"/>
      <line num="97" type="stmt" count="2"/>
      <line num="98" type="stmt" count="2"/>
      <line num="99" type="stmt" count="2"/>
      <line num="102" type="stmt" count="2"/>
      <line num="103" type="stmt" count="2"/>
      <line num="105" type="stmt" count="2"/>
      <line num="106" type="stmt" count="2"/>
      <line num="107" type="stmt" count="2"/>
      <line num="108" type="stmt" count="2"/>
      <line num="109" type="stmt" count="2"/>
      <line num="110" type="stmt" count="2"/>
      <line num="111" type="stmt" count="2"/>
      <line num="112" type="stmt" count="2"/>
      <line num="113" type="stmt" count="2"/>
      <line num="114" type="stmt" count="2"/>
      <metrics loc="117" ncloc="115" classes="1" methods="4" coveredmethods="3" conditionals="0" coveredconditionals="0" statements="66" coveredstatements="37" elements="70" coveredelements="40"/>
    </file>
    <file name="/home/runner/work/budget-bot/budget-bot/src/Service/Command/StartCommand.php">
      <class name="App\Service\Command\StartCommand" namespace="global">
        <metrics complexity="5" methods="4" coveredmethods="4" conditionals="0" coveredconditionals="0" statements="22" coveredstatements="22" elements="26" coveredelements="26"/>
      </class>
      <line num="16" type="method" name="__construct" visibility="public" complexity="1" crap="1" count="6"/>
      <line num="21" type="stmt" count="6"/>
      <line num="22" type="stmt" count="6"/>
      <line num="23" type="stmt" count="6"/>
      <line num="26" type="method" name="supports" visibility="public" complexity="1" crap="1" count="1"/>
      <line num="28" type="stmt" count="1"/>
      <line num="31" type="method" name="getName" visibility="public" complexity="1" crap="1" count="3"/>
      <line num="33" type="stmt" count="3"/>
      <line num="36" type="method" name="execute" visibility="public" complexity="2" crap="2" count="4"/>
      <line num="38" type="stmt" count="4"/>
      <line num="39" type="stmt" count="3"/>
      <line num="40" type="stmt" count="3"/>
      <line num="42" type="stmt" count="3"/>
      <line num="43" type="stmt" count="3"/>
      <line num="44" type="stmt" count="3"/>
      <line num="45" type="stmt" count="3"/>
      <line num="48" type="stmt" count="4"/>
      <line num="49" type="stmt" count="4"/>
      <line num="50" type="stmt" count="4"/>
      <line num="51" type="stmt" count="4"/>
      <line num="52" type="stmt" count="4"/>
      <line num="53" type="stmt" count="4"/>
      <line num="54" type="stmt" count="4"/>
      <line num="55" type="stmt" count="4"/>
      <line num="56" type="stmt" count="4"/>
      <line num="57" type="stmt" count="4"/>
      <metrics loc="60" ncloc="60" classes="1" methods="4" coveredmethods="4" conditionals="0" coveredconditionals="0" statements="22" coveredstatements="22" elements="26" coveredelements="26"/>
    </file>
    <file name="/home/runner/work/budget-bot/budget-bot/src/Service/Command/SyncCategoriesCommand.php">
      <class name="App\Service\Command\SyncCategoriesCommand" namespace="global">
        <metrics complexity="22" methods="4" coveredmethods="2" conditionals="0" coveredconditionals="0" statements="78" coveredstatements="38" elements="82" coveredelements="40"/>
      </class>
      <line num="13" type="method" name="__construct" visibility="public" complexity="1" crap="1" count="2"/>
      <line num="19" type="stmt" count="2"/>
      <line num="21" type="method" name="getName" visibility="public" complexity="1" crap="1" count="2"/>
      <line num="23" type="stmt" count="2"/>
      <line num="26" type="method" name="supports" visibility="public" complexity="1" crap="2" count="0"/>
      <line num="28" type="stmt" count="0"/>
      <line num="31" type="method" name="execute" visibility="public" complexity="19" crap="69.76" count="1"/>
      <line num="33" type="stmt" count="1"/>
      <line num="34" type="stmt" count="0"/>
      <line num="35" type="stmt" count="0"/>
      <line num="36" type="stmt" count="0"/>
      <line num="37" type="stmt" count="0"/>
      <line num="38" type="stmt" count="0"/>
      <line num="40" type="stmt" count="0"/>
      <line num="43" type="stmt" count="1"/>
      <line num="44" type="stmt" count="1"/>
      <line num="45" type="stmt" count="0"/>
      <line num="46" type="stmt" count="0"/>
      <line num="47" type="stmt" count="0"/>
      <line num="48" type="stmt" count="0"/>
      <line num="49" type="stmt" count="0"/>
      <line num="51" type="stmt" count="0"/>
      <line num="54" type="stmt" count="1"/>
      <line num="55" type="stmt" count="1"/>
      <line num="56" type="stmt" count="0"/>
      <line num="57" type="stmt" count="0"/>
      <line num="58" type="stmt" count="0"/>
      <line num="59" type="stmt" count="0"/>
      <line num="60" type="stmt" count="0"/>
      <line num="65" type="stmt" count="1"/>
      <line num="66" type="stmt" count="1"/>
      <line num="68" type="stmt" count="1"/>
      <line num="70" type="stmt" count="1"/>
      <line num="71" type="stmt" count="1"/>
      <line num="72" type="stmt" count="1"/>
      <line num="73" type="stmt" count="1"/>
      <line num="74" type="stmt" count="1"/>
      <line num="75" type="stmt" count="1"/>
      <line num="76" type="stmt" count="1"/>
      <line num="77" type="stmt" count="1"/>
      <line num="78" type="stmt" count="1"/>
      <line num="79" type="stmt" count="1"/>
      <line num="80" type="stmt" count="1"/>
      <line num="83" type="stmt" count="1"/>
      <line num="85" type="stmt" count="1"/>
      <line num="86" type="stmt" count="1"/>
      <line num="87" type="stmt" count="1"/>
      <line num="88" type="stmt" count="1"/>
      <line num="90" type="stmt" count="0"/>
      <line num="91" type="stmt" count="0"/>
      <line num="92" type="stmt" count="0"/>
      <line num="93" type="stmt" count="0"/>
      <line num="94" type="stmt" count="0"/>
      <line num="96" type="stmt" count="0"/>
      <line num="99" type="stmt" count="1"/>
      <line num="101" type="stmt" count="1"/>
      <line num="102" type="stmt" count="1"/>
      <line num="103" type="stmt" count="1"/>
      <line num="104" type="stmt" count="1"/>
      <line num="105" type="stmt" count="0"/>
      <line num="107" type="stmt" count="1"/>
      <line num="111" type="stmt" count="1"/>
      <line num="112" type="stmt" count="0"/>
      <line num="113" type="stmt" count="0"/>
      <line num="114" type="stmt" count="0"/>
      <line num="115" type="stmt" count="0"/>
      <line num="117" type="stmt" count="0"/>
      <line num="121" type="stmt" count="1"/>
      <line num="122" type="stmt" count="1"/>
      <line num="123" type="stmt" count="1"/>
      <line num="124" type="stmt" count="1"/>
      <line num="125" type="stmt" count="1"/>
      <line num="126" type="stmt" count="0"/>
      <line num="127" type="stmt" count="0"/>
      <line num="128" type="stmt" count="0"/>
      <line num="129" type="stmt" count="0"/>
      <line num="130" type="stmt" count="0"/>
      <line num="131" type="stmt" count="0"/>
      <line num="132" type="stmt" count="0"/>
      <line num="133" type="stmt" count="0"/>
      <line num="134" type="stmt" count="0"/>
      <line num="135" type="stmt" count="0"/>
      <metrics loc="139" ncloc="137" classes="1" methods="4" coveredmethods="2" conditionals="0" coveredconditionals="0" statements="78" coveredstatements="38" elements="82" coveredelements="40"/>
    </file>
    <file name="/home/runner/work/budget-bot/budget-bot/src/Service/CommandRegistry.php">
      <class name="App\Service\CommandRegistry" namespace="global">
        <metrics complexity="5" methods="2" coveredmethods="2" conditionals="0" coveredconditionals="0" statements="7" coveredstatements="7" elements="9" coveredelements="9"/>
      </class>
      <line num="17" type="method" name="__construct" visibility="public" complexity="2" crap="2" count="2"/>
      <line num="20" type="stmt" count="2"/>
      <line num="21" type="stmt" count="2"/>
      <line num="22" type="stmt" count="2"/>
      <line num="26" type="method" name="findCommand" visibility="public" complexity="3" crap="3" count="2"/>
      <line num="28" type="stmt" count="2"/>
      <line num="29" type="stmt" count="2"/>
      <line num="30" type="stmt" count="2"/>
      <line num="34" type="stmt" count="2"/>
      <metrics loc="37" ncloc="31" classes="1" methods="2" coveredmethods="2" conditionals="0" coveredconditionals="0" statements="7" coveredstatements="7" elements="9" coveredelements="9"/>
    </file>
    <file name="/home/runner/work/budget-bot/budget-bot/src/Service/Google/GoogleApiClient.php">
      <class name="App\Service\Google\GoogleApiClient" namespace="global">
        <metrics complexity="14" methods="7" coveredmethods="0" conditionals="0" coveredconditionals="0" statements="84" coveredstatements="0" elements="91" coveredelements="0"/>
      </class>
      <line num="17" type="method" name="__construct" visibility="public" complexity="2" crap="6" count="0"/>
      <line num="22" type="stmt" count="0"/>
      <line num="23" type="stmt" count="0"/>
      <line num="26" type="stmt" count="0"/>
      <line num="27" type="stmt" count="0"/>
      <line num="28" type="stmt" count="0"/>
      <line num="29" type="stmt" count="0"/>
      <line num="30" type="stmt" count="0"/>
      <line num="31" type="stmt" count="0"/>
      <line num="33" type="stmt" count="0"/>
      <line num="34" type="stmt" count="0"/>
      <line num="35" type="stmt" count="0"/>
      <line num="36" type="stmt" count="0"/>
      <line num="37" type="stmt" count="0"/>
      <line num="38" type="stmt" count="0"/>
      <line num="39" type="stmt" count="0"/>
      <line num="40" type="stmt" count="0"/>
      <line num="47" type="method" name="getValues" visibility="public" complexity="3" crap="12" count="0"/>
      <line num="50" type="stmt" count="0"/>
      <line num="52" type="stmt" count="0"/>
      <line num="53" type="stmt" count="0"/>
      <line num="56" type="stmt" count="0"/>
      <line num="57" type="stmt" count="0"/>
      <line num="58" type="stmt" count="0"/>
      <line num="59" type="stmt" count="0"/>
      <line num="60" type="stmt" count="0"/>
      <line num="61" type="stmt" count="0"/>
      <line num="62" type="stmt" count="0"/>
      <line num="63" type="stmt" count="0"/>
      <line num="65" type="stmt" count="0"/>
      <line num="72" type="method" name="updateValues" visibility="public" complexity="2" crap="6" count="0"/>
      <line num="75" type="stmt" count="0"/>
      <line num="76" type="stmt" count="0"/>
      <line num="77" type="stmt" count="0"/>
      <line num="79" type="stmt" count="0"/>
      <line num="80" type="stmt" count="0"/>
      <line num="81" type="stmt" count="0"/>
      <line num="82" type="stmt" count="0"/>
      <line num="83" type="stmt" count="0"/>
      <line num="84" type="stmt" count="0"/>
      <line num="85" type="stmt" count="0"/>
      <line num="86" type="stmt" count="0"/>
      <line num="87" type="stmt" count="0"/>
      <line num="88" type="stmt" count="0"/>
      <line num="89" type="stmt" count="0"/>
      <line num="90" type="stmt" count="0"/>
      <line num="91" type="stmt" count="0"/>
      <line num="92" type="stmt" count="0"/>
      <line num="96" type="method" name="validateSpreadsheetAccess" visibility="public" complexity="2" crap="6" count="0"/>
      <line num="99" type="stmt" count="0"/>
      <line num="101" type="stmt" count="0"/>
      <line num="102" type="stmt" count="0"/>
      <line num="103" type="stmt" count="0"/>
      <line num="104" type="stmt" count="0"/>
      <line num="105" type="stmt" count="0"/>
      <line num="106" type="stmt" count="0"/>
      <line num="107" type="stmt" count="0"/>
      <line num="109" type="stmt" count="0"/>
      <line num="113" type="method" name="getSpreadsheetTitle" visibility="public" complexity="2" crap="6" count="0"/>
      <line num="116" type="stmt" count="0"/>
      <line num="118" type="stmt" count="0"/>
      <line num="119" type="stmt" count="0"/>
      <line num="120" type="stmt" count="0"/>
      <line num="121" type="stmt" count="0"/>
      <line num="122" type="stmt" count="0"/>
      <line num="123" type="stmt" count="0"/>
      <line num="124" type="stmt" count="0"/>
      <line num="126" type="stmt" count="0"/>
      <line num="130" type="method" name="cloneSpreadsheet" visibility="public" complexity="2" crap="6" count="0"/>
      <line num="133" type="stmt" count="0"/>
      <line num="134" type="stmt" count="0"/>
      <line num="135" type="stmt" count="0"/>
      <line num="137" type="stmt" count="0"/>
      <line num="138" type="stmt" count="0"/>
      <line num="139" type="stmt" count="0"/>
      <line num="140" type="stmt" count="0"/>
      <line num="141" type="stmt" count="0"/>
      <line num="143" type="stmt" count="0"/>
      <line num="144" type="stmt" count="0"/>
      <line num="145" type="stmt" count="0"/>
      <line num="146" type="stmt" count="0"/>
      <line num="147" type="stmt" count="0"/>
      <line num="148" type="stmt" count="0"/>
      <line num="149" type="stmt" count="0"/>
      <line num="150" type="stmt" count="0"/>
      <line num="151" type="stmt" count="0"/>
      <line num="155" type="method" name="getSharingInstructions" visibility="public" complexity="1" crap="2" count="0"/>
      <line num="157" type="stmt" count="0"/>
      <line num="158" type="stmt" count="0"/>
      <line num="159" type="stmt" count="0"/>
      <line num="160" type="stmt" count="0"/>
      <metrics loc="163" ncloc="157" classes="1" methods="7" coveredmethods="0" conditionals="0" coveredconditionals="0" statements="84" coveredstatements="0" elements="91" coveredelements="0"/>
    </file>
    <file name="/home/runner/work/budget-bot/budget-bot/src/Service/Google/GoogleApiClientInterface.php">
      <metrics loc="25" ncloc="19" classes="0" methods="0" coveredmethods="0" conditionals="0" coveredconditionals="0" statements="0" coveredstatements="0" elements="0" coveredelements="0"/>
    </file>
    <file name="/home/runner/work/budget-bot/budget-bot/src/Service/Google/SpreadsheetManager.php">
      <class name="App\Service\Google\SpreadsheetManager" namespace="global">
        <metrics complexity="35" methods="13" coveredmethods="7" conditionals="0" coveredconditionals="0" statements="110" coveredstatements="74" elements="123" coveredelements="81"/>
      </class>
      <line num="21" type="method" name="__construct" visibility="public" complexity="1" crap="1" count="8"/>
      <line num="26" type="stmt" count="8"/>
      <line num="27" type="stmt" count="8"/>
      <line num="28" type="stmt" count="8"/>
      <line num="31" type="method" name="addSpreadsheet" visibility="public" complexity="3" crap="3.01" count="3"/>
      <line num="33" type="stmt" count="3"/>
      <line num="34" type="stmt" count="3"/>
      <line num="35" type="stmt" count="0"/>
      <line num="39" type="stmt" count="3"/>
      <line num="40" type="stmt" count="3"/>
      <line num="41" type="stmt" count="0"/>
      <line num="44" type="stmt" count="3"/>
      <line num="45" type="stmt" count="3"/>
      <line num="46" type="stmt" count="3"/>
      <line num="47" type="stmt" count="3"/>
      <line num="48" type="stmt" count="3"/>
      <line num="49" type="stmt" count="3"/>
      <line num="51" type="stmt" count="3"/>
      <line num="53" type="stmt" count="3"/>
      <line num="54" type="stmt" count="3"/>
      <line num="55" type="stmt" count="3"/>
      <line num="56" type="stmt" count="3"/>
      <line num="57" type="stmt" count="3"/>
      <line num="58" type="stmt" count="3"/>
      <line num="59" type="stmt" count="3"/>
      <line num="62" type="method" name="removeSpreadsheet" visibility="public" complexity="2" crap="2.00" count="2"/>
      <line num="64" type="stmt" count="2"/>
      <line num="65" type="stmt" count="2"/>
      <line num="66" type="stmt" count="0"/>
      <line num="69" type="stmt" count="2"/>
      <line num="70" type="stmt" count="2"/>
      <line num="71" type="stmt" count="2"/>
      <line num="72" type="stmt" count="2"/>
      <line num="73" type="stmt" count="2"/>
      <line num="74" type="stmt" count="2"/>
      <line num="76" type="stmt" count="2"/>
      <line num="79" type="method" name="findSpreadsheetByDate" visibility="public" complexity="1" crap="1" count="1"/>
      <line num="81" type="stmt" count="1"/>
      <line num="84" type="method" name="findLatestSpreadsheet" visibility="public" complexity="1" crap="1" count="1"/>
      <line num="86" type="stmt" count="1"/>
      <line num="92" type="method" name="getSpreadsheetsList" visibility="public" complexity="5" crap="5.01" count="2"/>
      <line num="94" type="stmt" count="2"/>
      <line num="95" type="stmt" count="2"/>
      <line num="97" type="stmt" count="2"/>
      <line num="98" type="stmt" count="2"/>
      <line num="99" type="stmt" count="2"/>
      <line num="100" type="stmt" count="2"/>
      <line num="102" type="stmt" count="2"/>
      <line num="103" type="stmt" count="0"/>
      <line num="106" type="stmt" count="2"/>
      <line num="107" type="stmt" count="2"/>
      <line num="108" type="stmt" count="2"/>
      <line num="109" type="stmt" count="2"/>
      <line num="110" type="stmt" count="2"/>
      <line num="113" type="stmt" count="2"/>
      <line num="116" type="method" name="handleSpreadsheetId" visibility="public" complexity="4" crap="6.99" count="3"/>
      <line num="119" type="stmt" count="3"/>
      <line num="120" type="stmt" count="3"/>
      <line num="121" type="stmt" count="3"/>
      <line num="123" type="stmt" count="0"/>
      <line num="127" type="stmt" count="0"/>
      <line num="128" type="stmt" count="0"/>
      <line num="131" type="stmt" count="0"/>
      <line num="137" type="method" name="getExpenseCategories" visibility="public" complexity="3" crap="3" count="3"/>
      <line num="139" type="stmt" count="3"/>
      <line num="140" type="stmt" count="3"/>
      <line num="141" type="stmt" count="2"/>
      <line num="145" type="stmt" count="1"/>
      <line num="147" type="stmt" count="1"/>
      <line num="153" type="method" name="getIncomeCategories" visibility="public" complexity="3" crap="3" count="3"/>
      <line num="155" type="stmt" count="3"/>
      <line num="156" type="stmt" count="3"/>
      <line num="157" type="stmt" count="2"/>
      <line num="161" type="stmt" count="1"/>
      <line num="163" type="stmt" count="1"/>
      <line num="166" type="method" name="addExpenseCategory" visibility="public" complexity="5" crap="30" count="0"/>
      <line num="168" type="stmt" count="0"/>
      <line num="169" type="stmt" count="0"/>
      <line num="170" type="stmt" count="0"/>
      <line num="174" type="stmt" count="0"/>
      <line num="175" type="stmt" count="0"/>
      <line num="177" type="stmt" count="0"/>
      <line num="179" type="stmt" count="0"/>
      <line num="183" type="stmt" count="0"/>
      <line num="184" type="stmt" count="0"/>
      <line num="185" type="stmt" count="0"/>
      <line num="186" type="stmt" count="0"/>
      <line num="188" type="stmt" count="0"/>
      <line num="192" type="stmt" count="0"/>
      <line num="193" type="stmt" count="0"/>
      <line num="196" type="method" name="addIncomeCategory" visibility="public" complexity="5" crap="30" count="0"/>
      <line num="198" type="stmt" count="0"/>
      <line num="199" type="stmt" count="0"/>
      <line num="200" type="stmt" count="0"/>
      <line num="204" type="stmt" count="0"/>
      <line num="205" type="stmt" count="0"/>
      <line num="207" type="stmt" count="0"/>
      <line num="209" type="stmt" count="0"/>
      <line num="213" type="stmt" count="0"/>
      <line num="214" type="stmt" count="0"/>
      <line num="215" type="stmt" count="0"/>
      <line num="216" type="stmt" count="0"/>
      <line num="218" type="stmt" count="0"/>
      <line num="222" type="stmt" count="0"/>
      <line num="223" type="stmt" count="0"/>
      <line num="226" type="method" name="getMonthName" visibility="private" complexity="1" crap="1" count="2"/>
      <line num="228" type="stmt" count="2"/>
      <line num="229" type="stmt" count="2"/>
      <line num="230" type="stmt" count="2"/>
      <line num="231" type="stmt" count="2"/>
      <line num="232" type="stmt" count="2"/>
      <line num="233" type="stmt" count="2"/>
      <line num="234" type="stmt" count="2"/>
      <line num="235" type="stmt" count="2"/>
      <line num="236" type="stmt" count="2"/>
      <line num="237" type="stmt" count="2"/>
      <line num="238" type="stmt" count="2"/>
      <line num="239" type="stmt" count="2"/>
      <line num="240" type="stmt" count="2"/>
      <line num="241" type="stmt" count="2"/>
      <line num="243" type="stmt" count="2"/>
      <line num="246" type="method" name="getSpreadsheetUrl" visibility="private" complexity="1" crap="1" count="2"/>
      <line num="248" type="stmt" count="2"/>
      <metrics loc="251" ncloc="227" classes="1" methods="13" coveredmethods="7" conditionals="0" coveredconditionals="0" statements="110" coveredstatements="74" elements="123" coveredelements="81"/>
    </file>
    <file name="/home/runner/work/budget-bot/budget-bot/src/Service/Google/TransactionRecorder.php">
      <class name="App\Service\Google\TransactionRecorder" namespace="global">
        <metrics complexity="5" methods="4" coveredmethods="3" conditionals="0" coveredconditionals="0" statements="51" coveredstatements="50" elements="55" coveredelements="53"/>
      </class>
      <line num="15" type="method" name="__construct" visibility="public" complexity="1" crap="1" count="8"/>
      <line num="19" type="stmt" count="8"/>
      <line num="20" type="stmt" count="8"/>
      <line num="23" type="method" name="findFirstEmptyRow" visibility="private" complexity="2" crap="2.03" count="3"/>
      <line num="25" type="stmt" count="3"/>
      <line num="26" type="stmt" count="3"/>
      <line num="28" type="stmt" count="3"/>
      <line num="29" type="stmt" count="0"/>
      <line num="32" type="stmt" count="3"/>
      <line num="35" type="method" name="addExpense" visibility="public" complexity="1" crap="1" count="2"/>
      <line num="42" type="stmt" count="2"/>
      <line num="43" type="stmt" count="2"/>
      <line num="44" type="stmt" count="2"/>
      <line num="45" type="stmt" count="2"/>
      <line num="46" type="stmt" count="2"/>
      <line num="47" type="stmt" count="2"/>
      <line num="48" type="stmt" count="2"/>
      <line num="50" type="stmt" count="2"/>
      <line num="51" type="stmt" count="2"/>
      <line num="53" type="stmt" count="2"/>
      <line num="54" type="stmt" count="2"/>
      <line num="55" type="stmt" count="2"/>
      <line num="56" type="stmt" count="2"/>
      <line num="57" type="stmt" count="2"/>
      <line num="58" type="stmt" count="2"/>
      <line num="59" type="stmt" count="2"/>
      <line num="60" type="stmt" count="2"/>
      <line num="62" type="stmt" count="2"/>
      <line num="64" type="stmt" count="2"/>
      <line num="65" type="stmt" count="2"/>
      <line num="66" type="stmt" count="2"/>
      <line num="67" type="stmt" count="2"/>
      <line num="70" type="method" name="addIncome" visibility="public" complexity="1" crap="1" count="1"/>
      <line num="77" type="stmt" count="1"/>
      <line num="78" type="stmt" count="1"/>
      <line num="79" type="stmt" count="1"/>
      <line num="80" type="stmt" count="1"/>
      <line num="81" type="stmt" count="1"/>
      <line num="82" type="stmt" count="1"/>
      <line num="83" type="stmt" count="1"/>
      <line num="85" type="stmt" count="1"/>
      <line num="86" type="stmt" count="1"/>
      <line num="88" type="stmt" count="1"/>
      <line num="89" type="stmt" count="1"/>
      <line num="90" type="stmt" count="1"/>
      <line num="91" type="stmt" count="1"/>
      <line num="92" type="stmt" count="1"/>
      <line num="93" type="stmt" count="1"/>
      <line num="94" type="stmt" count="1"/>
      <line num="95" type="stmt" count="1"/>
      <line num="97" type="stmt" count="1"/>
      <line num="99" type="stmt" count="1"/>
      <line num="100" type="stmt" count="1"/>
      <line num="101" type="stmt" count="1"/>
      <line num="102" type="stmt" count="1"/>
      <metrics loc="105" ncloc="104" classes="1" methods="4" coveredmethods="3" conditionals="0" coveredconditionals="0" statements="51" coveredstatements="50" elements="55" coveredelements="53"/>
    </file>
    <file name="/home/runner/work/budget-bot/budget-bot/src/Service/GoogleSheetsService.php">
      <class name="App\Service\GoogleSheetsService" namespace="global">
        <metrics complexity="18" methods="10" coveredmethods="9" conditionals="0" coveredconditionals="0" statements="43" coveredstatements="37" elements="53" coveredelements="46"/>
      </class>
      <line num="19" type="method" name="__construct" visibility="public" complexity="1" crap="1" count="8"/>
      <line num="25" type="stmt" count="8"/>
      <line num="26" type="stmt" count="8"/>
      <line num="27" type="stmt" count="8"/>
      <line num="30" type="method" name="addExpense" visibility="public" complexity="1" crap="1" count="2"/>
      <line num="37" type="stmt" count="2"/>
      <line num="40" type="method" name="addIncome" visibility="public" complexity="1" crap="1" count="1"/>
      <line num="47" type="stmt" count="1"/>
      <line num="50" type="method" name="addSpreadsheet" visibility="public" complexity="1" crap="1" count="3"/>
      <line num="52" type="stmt" count="3"/>
      <line num="55" type="stmt" count="3"/>
      <line num="58" type="method" name="removeSpreadsheet" visibility="public" complexity="1" crap="1" count="2"/>
      <line num="60" type="stmt" count="2"/>
      <line num="63" type="method" name="findSpreadsheetByDate" visibility="public" complexity="1" crap="1" count="1"/>
      <line num="65" type="stmt" count="1"/>
      <line num="68" type="method" name="findLatestSpreadsheet" visibility="public" complexity="1" crap="1" count="1"/>
      <line num="70" type="stmt" count="1"/>
      <line num="76" type="method" name="getSpreadsheetsList" visibility="public" complexity="1" crap="1" count="2"/>
      <line num="78" type="stmt" count="2"/>
      <line num="81" type="method" name="handleSpreadsheetId" visibility="public" complexity="1" crap="1" count="3"/>
      <line num="83" type="stmt" count="3"/>
      <line num="98" type="method" name="syncCategories" visibility="public" complexity="9" crap="9.59" count="3"/>
      <line num="100" type="stmt" count="3"/>
      <line num="101" type="stmt" count="3"/>
      <line num="102" type="stmt" count="3"/>
      <line num="103" type="stmt" count="3"/>
      <line num="104" type="stmt" count="3"/>
      <line num="105" type="stmt" count="3"/>
      <line num="106" type="stmt" count="3"/>
      <line num="107" type="stmt" count="3"/>
      <line num="108" type="stmt" count="3"/>
      <line num="109" type="stmt" count="3"/>
      <line num="112" type="stmt" count="3"/>
      <line num="113" type="stmt" count="3"/>
      <line num="116" type="stmt" count="3"/>
      <line num="117" type="stmt" count="3"/>
      <line num="120" type="stmt" count="3"/>
      <line num="121" type="stmt" count="1"/>
      <line num="122" type="stmt" count="1"/>
      <line num="123" type="stmt" count="1"/>
      <line num="127" type="stmt" count="3"/>
      <line num="128" type="stmt" count="1"/>
      <line num="129" type="stmt" count="1"/>
      <line num="130" type="stmt" count="1"/>
      <line num="135" type="stmt" count="3"/>
      <line num="136" type="stmt" count="0"/>
      <line num="137" type="stmt" count="0"/>
      <line num="138" type="stmt" count="0"/>
      <line num="142" type="stmt" count="3"/>
      <line num="143" type="stmt" count="0"/>
      <line num="144" type="stmt" count="0"/>
      <line num="145" type="stmt" count="0"/>
      <line num="149" type="stmt" count="3"/>
      <metrics loc="152" ncloc="132" classes="1" methods="10" coveredmethods="9" conditionals="0" coveredconditionals="0" statements="43" coveredstatements="37" elements="53" coveredelements="46"/>
    </file>
    <file name="/home/runner/work/budget-bot/budget-bot/src/Service/MessageParserService.php">
      <class name="App\Service\MessageParserService" namespace="global">
        <metrics complexity="18" methods="2" coveredmethods="0" conditionals="0" coveredconditionals="0" statements="46" coveredstatements="40" elements="48" coveredelements="40"/>
      </class>
[...]
      <line num="120" type="stmt" count="0"/>
      <line num="123" type="stmt" count="2"/>
      <line num="124" type="stmt" count="2"/>
      <line num="125" type="stmt" count="2"/>
      <line num="127" type="stmt" count="2"/>
      <line num="128" type="stmt" count="2"/>
      <line num="130" type="stmt" count="2"/>
      <line num="131" type="stmt" count="2"/>
      <line num="134" type="stmt" count="2"/>
      <line num="137" type="stmt" count="2"/>
      <line num="140" type="stmt" count="2"/>
      <line num="141" type="stmt" count="2"/>
      <line num="142" type="stmt" count="2"/>
      <line num="143" type="stmt" count="2"/>
      <line num="144" type="stmt" count="2"/>
      <line num="147" type="stmt" count="2"/>
      <line num="148" type="stmt" count="2"/>
      <line num="149" type="stmt" count="2"/>
      <line num="150" type="stmt" count="2"/>
      <line num="151" type="stmt" count="2"/>
      <line num="154" type="method" name="handleSpreadsheetMonth" visibility="private" complexity="6" crap="9.16" count="2"/>
      <line num="156" type="stmt" count="2"/>
      <line num="157" type="stmt" count="2"/>
      <line num="158" type="stmt" count="2"/>
      <line num="159" type="stmt" count="2"/>
      <line num="162" type="stmt" count="2"/>
      <line num="163" type="stmt" count="2"/>
      <line num="164" type="stmt" count="2"/>
      <line num="165" type="stmt" count="2"/>
      <line num="167" type="stmt" count="2"/>
      <line num="168" type="stmt" count="2"/>
      <line num="170" type="stmt" count="2"/>
      <line num="171" type="stmt" count="2"/>
      <line num="172" type="stmt" count="2"/>
      <line num="173" type="stmt" count="2"/>
      <line num="174" type="stmt" count="2"/>
      <line num="175" type="stmt" count="2"/>
      <line num="177" type="stmt" count="2"/>
      <line num="178" type="stmt" count="0"/>
      <line num="179" type="stmt" count="0"/>
      <line num="180" type="stmt" count="0"/>
      <line num="181" type="stmt" count="0"/>
      <line num="182" type="stmt" count="0"/>
      <line num="184" type="stmt" count="0"/>
      <line num="187" type="stmt" count="2"/>
      <line num="188" type="stmt" count="2"/>
      <line num="191" type="stmt" count="2"/>
      <line num="192" type="stmt" count="0"/>
      <line num="193" type="stmt" count="0"/>
      <line num="194" type="stmt" count="0"/>
      <line num="195" type="stmt" count="0"/>
      <line num="196" type="stmt" count="0"/>
      <line num="197" type="stmt" count="0"/>
      <line num="198" type="stmt" count="0"/>
      <line num="199" type="stmt" count="0"/>
      <line num="201" type="stmt" count="0"/>
      <line num="204" type="stmt" count="2"/>
      <line num="205" type="stmt" count="2"/>
      <line num="206" type="stmt" count="2"/>
      <line num="208" type="stmt" count="2"/>
      <line num="210" type="stmt" count="2"/>
      <line num="213" type="stmt" count="0"/>
      <line num="214" type="stmt" count="0"/>
      <line num="215" type="stmt" count="0"/>
      <line num="216" type="stmt" count="0"/>
      <line num="217" type="stmt" count="0"/>
      <line num="220" type="method" name="handleSpreadsheetToDelete" visibility="private" complexity="5" crap="5.15" count="1"/>
      <line num="222" type="stmt" count="1"/>
      <line num="223" type="stmt" count="1"/>
      <line num="225" type="stmt" count="1"/>
      <line num="226" type="stmt" count="1"/>
      <line num="227" type="stmt" count="1"/>
      <line num="228" type="stmt" count="1"/>
      <line num="229" type="stmt" count="1"/>
      <line num="230" type="stmt" count="1"/>
      <line num="232" type="stmt" count="1"/>
      <line num="233" type="stmt" count="1"/>
      <line num="234" type="stmt" count="1"/>
      <line num="238" type="stmt" count="1"/>
      <line num="239" type="stmt" count="0"/>
      <line num="241" type="stmt" count="0"/>
      <line num="244" type="stmt" count="1"/>
      <line num="245" type="stmt" count="1"/>
      <line num="246" type="stmt" count="0"/>
      <line num="248" type="stmt" count="0"/>
      <line num="251" type="stmt" count="1"/>
      <line num="253" type="stmt" count="1"/>
      <line num="254" type="stmt" count="1"/>
      <line num="256" type="stmt" count="1"/>
      <line num="262" type="method" name="sendMessage" visibility="private" complexity="3" crap="4.12" count="2"/>
      <line num="265" type="stmt" count="2"/>
      <line num="266" type="stmt" count="2"/>
      <line num="268" type="stmt" count="2"/>
      <line num="269" type="stmt" count="2"/>
      <line num="270" type="stmt" count="2"/>
      <line num="271" type="stmt" count="2"/>
      <line num="272" type="stmt" count="2"/>
      <line num="274" type="stmt" count="0"/>
      <line num="275" type="stmt" count="0"/>
      <line num="276" type="stmt" count="0"/>
      <line num="277" type="stmt" count="0"/>
      <line num="278" type="stmt" count="0"/>
      <line num="279" type="stmt" count="0"/>
      <line num="280" type="stmt" count="0"/>
      <line num="284" type="method" name="getMonthName" visibility="private" complexity="1" crap="1" count="2"/>
      <line num="286" type="stmt" count="2"/>
      <line num="287" type="stmt" count="2"/>
      <line num="288" type="stmt" count="2"/>
      <line num="289" type="stmt" count="2"/>
      <line num="290" type="stmt" count="2"/>
      <line num="291" type="stmt" count="2"/>
      <line num="292" type="stmt" count="2"/>
      <line num="293" type="stmt" count="2"/>
      <line num="294" type="stmt" count="2"/>
      <line num="295" type="stmt" count="2"/>
      <line num="296" type="stmt" count="2"/>
      <line num="297" type="stmt" count="2"/>
      <line num="298" type="stmt" count="2"/>
      <line num="299" type="stmt" count="2"/>
      <line num="301" type="stmt" count="2"/>
      <line num="304" type="method" name="getMonthNumber" visibility="private" complexity="1" crap="1" count="2"/>
      <line num="306" type="stmt" count="2"/>
      <line num="307" type="stmt" count="2"/>
      <line num="308" type="stmt" count="2"/>
      <line num="309" type="stmt" count="2"/>
      <line num="310" type="stmt" count="2"/>
      <line num="311" type="stmt" count="2"/>
      <line num="312" type="stmt" count="2"/>
      <line num="313" type="stmt" count="2"/>
      <line num="314" type="stmt" count="2"/>
      <line num="315" type="stmt" count="2"/>
      <line num="316" type="stmt" count="2"/>
      <line num="317" type="stmt" count="2"/>
      <line num="318" type="stmt" count="2"/>
      <line num="319" type="stmt" count="2"/>
      <line num="321" type="stmt" count="2"/>
      <metrics loc="324" ncloc="316" classes="1" methods="10" coveredmethods="4" conditionals="0" coveredconditionals="0" statements="181" coveredstatements="116" elements="191" coveredelements="120"/>
    </file>
    <file name="/home/runner/work/budget-bot/budget-bot/src/Service/StateHandler/StateHandlerInterface.php">
      <metrics loc="16" ncloc="13" classes="0" methods="0" coveredmethods="0" conditionals="0" coveredconditionals="0" statements="0" coveredstatements="0" elements="0" coveredelements="0"/>
    </file>
    <file name="/home/runner/work/budget-bot/budget-bot/src/Service/StateHandler/StateHandlerRegistry.php">
      <class name="App\Service\StateHandler\StateHandlerRegistry" namespace="global">
        <metrics complexity="6" methods="2" coveredmethods="1" conditionals="0" coveredconditionals="0" statements="16" coveredstatements="15" elements="18" coveredelements="16"/>
      </class>
      <line num="20" type="method" name="__construct" visibility="public" complexity="2" crap="2" count="2"/>
      <line num="22" type="stmt" count="2"/>
      <line num="23" type="stmt" count="2"/>
      <line num="24" type="stmt" count="2"/>
      <line num="26" type="stmt" count="2"/>
      <line num="29" type="method" name="handleState" visibility="public" complexity="4" crap="4.01" count="2"/>
      <line num="31" type="stmt" count="2"/>
      <line num="32" type="stmt" count="2"/>
      <line num="33" type="stmt" count="1"/>
      <line num="36" type="stmt" count="2"/>
      <line num="37" type="stmt" count="2"/>
      <line num="38" type="stmt" count="2"/>
      <line num="39" type="stmt" count="2"/>
      <line num="40" type="stmt" count="2"/>
      <line num="42" type="stmt" count="2"/>
      <line num="43" type="stmt" count="2"/>
      <line num="44" type="stmt" count="2"/>
      <line num="48" type="stmt" count="0"/>
      <metrics loc="51" ncloc="45" classes="1" methods="2" coveredmethods="1" conditionals="0" coveredconditionals="0" statements="16" coveredstatements="15" elements="18" coveredelements="16"/>
    </file>
    <file name="/home/runner/work/budget-bot/budget-bot/src/Service/TelegramApiService.php">
      <class name="App\Service\TelegramApiService" namespace="global">
        <metrics complexity="3" methods="3" coveredmethods="0" conditionals="0" coveredconditionals="0" statements="17" coveredstatements="0" elements="20" coveredelements="0"/>
      </class>
      <line num="13" type="method" name="initialize" visibility="public" complexity="1" crap="2" count="0"/>
      <line num="15" type="stmt" count="0"/>
      <line num="16" type="stmt" count="0"/>
      <line num="27" type="method" name="sendMessage" visibility="public" complexity="1" crap="2" count="0"/>
      <line num="29" type="stmt" count="0"/>
      <line num="35" type="method" name="sendMessageWithKeyboard" visibility="public" complexity="1" crap="2" count="0"/>
      <line num="37" type="stmt" count="0"/>
      <line num="38" type="stmt" count="0"/>
      <line num="39" type="stmt" count="0"/>
      <line num="40" type="stmt" count="0"/>
      <line num="41" type="stmt" count="0"/>
      <line num="42" type="stmt" count="0"/>
      <line num="43" type="stmt" count="0"/>
      <line num="44" type="stmt" count="0"/>
      <line num="45" type="stmt" count="0"/>
      <line num="46" type="stmt" count="0"/>
      <line num="47" type="stmt" count="0"/>
      <line num="48" type="stmt" count="0"/>
      <line num="49" type="stmt" count="0"/>
      <line num="51" type="stmt" count="0"/>
      <metrics loc="54" ncloc="43" classes="1" methods="3" coveredmethods="0" conditionals="0" coveredconditionals="0" statements="17" coveredstatements="0" elements="20" coveredelements="0"/>
    </file>
    <file name="/home/runner/work/budget-bot/budget-bot/src/Service/TelegramApiServiceInterface.php">
      <metrics loc="26" ncloc="15" classes="0" methods="0" coveredmethods="0" conditionals="0" coveredconditionals="0" statements="0" coveredstatements="0" elements="0" coveredelements="0"/>
    </file>
    <file name="/home/runner/work/budget-bot/budget-bot/src/Service/TelegramBotService.php">
      <class name="App\Service\TelegramBotService" namespace="global">
        <metrics complexity="10" methods="2" coveredmethods="1" conditionals="0" coveredconditionals="0" statements="38" coveredstatements="23" elements="40" coveredelements="24"/>
      </class>
      <line num="13" type="method" name="__construct" visibility="public" complexity="1" crap="1" count="2"/>
      <line num="24" type="stmt" count="2"/>
      <line num="27" type="method" name="handleUpdate" visibility="public" complexity="9" crap="14.40" count="2"/>
      <line num="29" type="stmt" count="2"/>
      <line num="30" type="stmt" count="2"/>
      <line num="31" type="stmt" count="2"/>
      <line num="33" type="stmt" count="2"/>
      <line num="34" type="stmt" count="2"/>
      <line num="35" type="stmt" count="0"/>
      <line num="37" type="stmt" count="0"/>
      <line num="40" type="stmt" count="2"/>
      <line num="41" type="stmt" count="2"/>
      <line num="42" type="stmt" count="0"/>
      <line num="43" type="stmt" count="0"/>
      <line num="44" type="stmt" count="0"/>
      <line num="46" type="stmt" count="0"/>
      <line num="49" type="stmt" count="2"/>
      <line num="50" type="stmt" count="2"/>
      <line num="53" type="stmt" count="2"/>
      <line num="54" type="stmt" count="2"/>
      <line num="55" type="stmt" count="2"/>
      <line num="57" type="stmt" count="2"/>
      <line num="61" type="stmt" count="2"/>
      <line num="62" type="stmt" count="2"/>
      <line num="63" type="stmt" count="2"/>
      <line num="64" type="stmt" count="2"/>
      <line num="69" type="stmt" count="1"/>
      <line num="71" type="stmt" count="1"/>
      <line num="72" type="stmt" count="1"/>
      <line num="73" type="stmt" count="1"/>
      <line num="75" type="stmt" count="1"/>
      <line num="77" type="stmt" count="0"/>
      <line num="78" type="stmt" count="0"/>
      <line num="79" type="stmt" count="0"/>
      <line num="80" type="stmt" count="0"/>
      <line num="81" type="stmt" count="0"/>
      <line num="85" type="stmt" count="0"/>
      <line num="86" type="stmt" count="0"/>
      <line num="87" type="stmt" count="0"/>
      <line num="88" type="stmt" count="0"/>
      <metrics loc="91" ncloc="88" classes="1" methods="2" coveredmethods="1" conditionals="0" coveredconditionals="0" statements="38" coveredstatements="23" elements="40" coveredelements="24"/>
    </file>
    <file name="/home/runner/work/budget-bot/budget-bot/src/Service/TransactionHandler.php">
      <class name="App\Service\TransactionHandler" namespace="global">
        <metrics complexity="14" methods="5" coveredmethods="1" conditionals="0" coveredconditionals="0" statements="119" coveredstatements="62" elements="124" coveredelements="63"/>
      </class>
      <line num="17" type="method" name="__construct" visibility="public" complexity="1" crap="1" count="2"/>
      <line num="24" type="stmt" count="2"/>
      <line num="25" type="stmt" count="2"/>
      <line num="26" type="stmt" count="2"/>
      <line num="27" type="stmt" count="2"/>
      <line num="28" type="stmt" count="2"/>
      <line num="34" type="method" name="sendMessage" visibility="private" complexity="3" crap="4.12" count="1"/>
      <line num="37" type="stmt" count="1"/>
      <line num="38" type="stmt" count="1"/>
      <line num="40" type="stmt" count="1"/>
      <line num="41" type="stmt" count="1"/>
      <line num="42" type="stmt" count="1"/>
      <line num="43" type="stmt" count="1"/>
      <line num="44" type="stmt" count="1"/>
      <line num="46" type="stmt" count="0"/>
      <line num="47" type="stmt" count="0"/>
      <line num="48" type="stmt" count="0"/>
      <line num="49" type="stmt" count="0"/>
      <line num="50" type="stmt" count="0"/>
      <line num="51" type="stmt" count="0"/>
      <line num="52" type="stmt" count="0"/>
      <line num="64" type="method" name="handle" visibility="public" complexity="5" crap="5.74" count="1"/>
      <line num="66" type="stmt" count="1"/>
      <line num="67" type="stmt" count="1"/>
      <line num="68" type="stmt" count="0"/>
      <line num="69" type="stmt" count="0"/>
      <line num="70" type="stmt" count="0"/>
      <line num="71" type="stmt" count="0"/>
      <line num="73" type="stmt" count="0"/>
      <line num="74" type="stmt" count="0"/>
      <line num="75" type="stmt" count="0"/>
      <line num="76" type="stmt" count="0"/>
      <line num="77" type="stmt" count="0"/>
      <line num="78" type="stmt" count="0"/>
      <line num="79" type="stmt" count="0"/>
      <line num="80" type="stmt" count="0"/>
      <line num="82" type="stmt" count="0"/>
      <line num="85" type="stmt" count="1"/>
      <line num="86" type="stmt" count="1"/>
      <line num="87" type="stmt" count="1"/>
      <line num="88" type="stmt" count="1"/>
      <line num="89" type="stmt" count="1"/>
      <line num="91" type="stmt" count="1"/>
      <line num="92" type="stmt" count="1"/>
      <line num="93" type="stmt" count="1"/>
      <line num="94" type="stmt" count="1"/>
      <line num="95" type="stmt" count="1"/>
      <line num="96" type="stmt" count="1"/>
      <line num="99" type="stmt" count="1"/>
      <line num="102" type="stmt" count="1"/>
      <line num="103" type="stmt" count="1"/>
      <line num="104" type="stmt" count="1"/>
      <line num="105" type="stmt" count="1"/>
      <line num="106" type="stmt" count="1"/>
      <line num="109" type="stmt" count="1"/>
      <line num="110" type="stmt" count="1"/>
      <line num="111" type="stmt" count="1"/>
      <line num="112" type="stmt" count="1"/>
      <line num="113" type="stmt" count="1"/>
      <line num="114" type="stmt" count="1"/>
      <line num="115" type="stmt" count="1"/>
      <line num="116" type="stmt" count="1"/>
      <line num="118" type="stmt" count="1"/>
      <line num="121" type="stmt" count="1"/>
      <line num="132" type="method" name="addTransaction" visibility="public" complexity="4" crap="6.14" count="1"/>
      <line num="134" type="stmt" count="1"/>
      <line num="135" type="stmt" count="1"/>
      <line num="136" type="stmt" count="0"/>
      <line num="139" type="stmt" count="1"/>
      <line num="140" type="stmt" count="1"/>
      <line num="141" type="stmt" count="0"/>
      <line num="142" type="stmt" count="0"/>
      <line num="143" type="stmt" count="0"/>
      <line num="144" type="stmt" count="0"/>
      <line num="145" type="stmt" count="0"/>
      <line num="148" type="stmt" count="1"/>
      <line num="149" type="stmt" count="0"/>
      <line num="150" type="stmt" count="0"/>
      <line num="151" type="stmt" count="0"/>
      <line num="152" type="stmt" count="0"/>
      <line num="153" type="stmt" count="0"/>
      <line num="154" type="stmt" count="0"/>
      <line num="155" type="stmt" count="0"/>
      <line num="156" type="stmt" count="0"/>
      <line num="158" type="stmt" count="0"/>
      <line num="159" type="stmt" count="0"/>
      <line num="160" type="stmt" count="0"/>
      <line num="161" type="stmt" count="0"/>
      <line num="162" type="stmt" count="0"/>
      <line num="163" type="stmt" count="0"/>
      <line num="164" type="stmt" count="0"/>
      <line num="166" type="stmt" count="0"/>
      <line num="168" type="stmt" count="1"/>
      <line num="169" type="stmt" count="1"/>
      <line num="170" type="stmt" count="1"/>
      <line num="171" type="stmt" count="1"/>
      <line num="172" type="stmt" count="1"/>
      <line num="173" type="stmt" count="1"/>
      <line num="174" type="stmt" count="1"/>
      <line num="175" type="stmt" count="1"/>
      <line num="177" type="stmt" count="1"/>
      <line num="178" type="stmt" count="1"/>
      <line num="179" type="stmt" count="1"/>
      <line num="180" type="stmt" count="1"/>
      <line num="181" type="stmt" count="1"/>
      <line num="182" type="stmt" count="1"/>
      <line num="183" type="stmt" count="1"/>
      <line num="185" type="stmt" count="1"/>
      <line num="189" type="method" name="getMonthName" visibility="private" complexity="1" crap="2" count="0"/>
      <line num="191" type="stmt" count="0"/>
      <line num="192" type="stmt" count="0"/>
      <line num="193" type="stmt" count="0"/>
      <line num="194" type="stmt" count="0"/>
      <line num="195" type="stmt" count="0"/>
      <line num="196" type="stmt" count="0"/>
      <line num="197" type="stmt" count="0"/>
      <line num="198" type="stmt" count="0"/>
      <line num="199" type="stmt" count="0"/>
      <line num="200" type="stmt" count="0"/>
      <line num="201" type="stmt" count="0"/>
      <line num="202" type="stmt" count="0"/>
      <line num="203" type="stmt" count="0"/>
      <line num="204" type="stmt" count="0"/>
      <line num="206" type="stmt" count="0"/>
      <metrics loc="209" ncloc="187" classes="1" methods="5" coveredmethods="1" conditionals="0" coveredconditionals="0" statements="119" coveredstatements="62" elements="124" coveredelements="63"/>
    </file>
    <metrics files="39" loc="3826" ncloc="3588" classes="34" methods="203" coveredmethods="103" conditionals="0" coveredconditionals="0" statements="1523" coveredstatements="897" elements="1726" coveredelements="1000"/>
  </project>
</coverage>
